Arguments: 
  /home/triasbrata/.nvm/versions/node/v12.22.4/bin/node /home/triasbrata/.nvm/versions/node/v12.22.4/bin/yarn

PATH: 
  /home/triasbrata/miniconda3/bin:/home/triasbrata/.local/bin:/home/triasbrata/android/cmdline-tools/latest/bin:/home/triasbrata/android/platform-tools:/home/triasbrata/android/tools/bin:/home/triasbrata/.deno/bin:/home/triasbrata/.vscode-server/bin/ccbaa2d27e38e5afa3e5c21c1c7bef4657064247/bin:/home/triasbrata/miniconda3/bin:/home/triasbrata/miniconda3/condabin:/home/triasbrata/miniconda3/bin:/home/triasbrata/.local/bin:/home/triasbrata/.sdkman/candidates/gradle/current/bin:/home/triasbrata/android/cmdline-tools/latest/bin:/home/triasbrata/android/platform-tools:/home/triasbrata/android/tools/bin:/home/triasbrata/.deno/bin:/home/triasbrata/.nvm/versions/node/v12.22.4/bin:/usr/local/sbin:/usr/local/bin:/usr/sbin:/usr/bin:/sbin:/bin:/usr/games:/usr/local/games:/usr/lib/wsl/lib:/mnt/c/Python39/Scripts:/mnt/c/Python39:/mnt/c/Program Files/AdoptOpenJDK/jdk-8.0.282.8-hotspot/bin:/mnt/c/Windows/system32:/mnt/c/Windows:/mnt/c/Windows/System32/Wbem:/mnt/c/Windows/System32/WindowsPowerShell/v1.0:/mnt/c/Windows/System32/OpenSSH:/mnt/c/ProgramData/chocolatey/bin:/mnt/c/Program Files/Git/cmd:/mnt/c/Program Files/Docker/Docker/resources/bin:/mnt/c/ProgramData/DockerDesktop/version-bin:/mnt/c/Program Files/dotnet:/mnt/c/Program Files (x86)/dotnet:/mnt/c/android/cmdline-tools/latest/bin:/mnt/c/android/emulator:/mnt/c/android/platform-tools:/mnt/c/Users/Trias Gagah/AppData/Local/Microsoft/WindowsApps:/mnt/c/Users/Trias Gagah/AppData/Local/Programs/Microsoft VS Code/bin:/mnt/c/Users/Trias Gagah/AppData/Local/hyper/app-3.0.2/resources/bin:/mnt/c/nvm:/mnt/c/nodejs:/mnt/c/Program Files/Memurai:/mnt/c/WINDOWS/system32:/mnt/c/WINDOWS:/mnt/c/WINDOWS/System32/Wbem:/mnt/c/WINDOWS/System32/WindowsPowerShell/v1.0:/mnt/c/WINDOWS/System32/OpenSSH:/mnt/c/Users/Trias Gagah/AppData/Local/Microsoft/WindowsApps:/mnt/c/Users/Trias Gagah/AppData/Local/Programs/Microsoft VS Code/bin:/mnt/c/nvm:/mnt/c/nodejs:/mnt/c/Program Files/Memurai:/mnt/c/Users/Trias Gagah/AppData/Local/Hyper/app-3.0.2/resources/bin:/mnt/c/Users/Trias Gagah/AppData/Local/Programs/Hyper/resources/bin:/mnt/c/Program Files/Ngrok:/home/triasbrata/.config/composer/vendor/bin:/home/triasbrata/.yarn/bin:/home/triasbrata/.config/composer/vendor/bin

Yarn version: 
  1.22.10

Node version: 
  12.22.4

Platform: 
  linux x64

Trace: 
  SyntaxError: /home/triasbrata/development/OD/client/package.json: Unexpected token } in JSON at position 369
      at JSON.parse (<anonymous>)
      at /home/triasbrata/.nvm/versions/node/v12.22.4/lib/node_modules/yarn/lib/cli.js:1625:59
      at Generator.next (<anonymous>)
      at step (/home/triasbrata/.nvm/versions/node/v12.22.4/lib/node_modules/yarn/lib/cli.js:310:30)
      at /home/triasbrata/.nvm/versions/node/v12.22.4/lib/node_modules/yarn/lib/cli.js:321:13

npm manifest: 
  {
    "name": "client",
    "version": "1.0.0",
    "main": "index.js",
    "author": "Trias",
    "license": "MIT",
    "dependencies": {
      "@tensorflow/tfjs": "^1.7.4",
      "@tensorflow/tfjs-converter": "^1.7.4",
      "@tensorflow/tfjs-core": "^1.7.4",
      "@tensorflow/tfjs-node": "^1.7.4",
      "source-map-support": "^0.5.21",
      "canvas": "^2.8.0",
      "jimp": "^0.16.1",
    },
    "devDependencies": {
      "@types/node": "14",
      "typescript": "^4.5.2"
    }
  }

yarn manifest: 
  No manifest

Lockfile: 
  # THIS IS AN AUTOGENERATED FILE. DO NOT EDIT THIS FILE DIRECTLY.
  # yarn lockfile v1
  
  
  "@babel/runtime@^7.7.2":
    version "7.16.3"
    resolved "https://registry.yarnpkg.com/@babel/runtime/-/runtime-7.16.3.tgz#b86f0db02a04187a3c17caa77de69840165d42d5"
    integrity sha512-WBwekcqacdY2e9AF/Q7WLFUWmdJGJTkbjqTjoMDgXkVZ3ZRUvOPsLb5KdwISoQVsbP+DQzVZW4Zhci0DvpbNTQ==
    dependencies:
      regenerator-runtime "^0.13.4"
  
  "@jimp/bmp@^0.16.1":
    version "0.16.1"
    resolved "https://registry.yarnpkg.com/@jimp/bmp/-/bmp-0.16.1.tgz#6e2da655b2ba22e721df0795423f34e92ef13768"
    integrity sha512-iwyNYQeBawrdg/f24x3pQ5rEx+/GwjZcCXd3Kgc+ZUd+Ivia7sIqBsOnDaMZdKCBPlfW364ekexnlOqyVa0NWg==
    dependencies:
      "@babel/runtime" "^7.7.2"
      "@jimp/utils" "^0.16.1"
      bmp-js "^0.1.0"
  
  "@jimp/core@^0.16.1":
    version "0.16.1"
    resolved "https://registry.yarnpkg.com/@jimp/core/-/core-0.16.1.tgz#68c4288f6ef7f31a0f6b859ba3fb28dae930d39d"
    integrity sha512-la7kQia31V6kQ4q1kI/uLimu8FXx7imWVajDGtwUG8fzePLWDFJyZl0fdIXVCL1JW2nBcRHidUot6jvlRDi2+g==
    dependencies:
      "@babel/runtime" "^7.7.2"
      "@jimp/utils" "^0.16.1"
      any-base "^1.1.0"
      buffer "^5.2.0"
      exif-parser "^0.1.12"
      file-type "^9.0.0"
      load-bmfont "^1.3.1"
      mkdirp "^0.5.1"
      phin "^2.9.1"
      pixelmatch "^4.0.2"
      tinycolor2 "^1.4.1"
  
  "@jimp/custom@^0.16.1":
    version "0.16.1"
    resolved "https://registry.yarnpkg.com/@jimp/custom/-/custom-0.16.1.tgz#28b659c59e20a1d75a0c46067bd3f4bd302cf9c5"
    integrity sha512-DNUAHNSiUI/j9hmbatD6WN/EBIyeq4AO0frl5ETtt51VN1SvE4t4v83ZA/V6ikxEf3hxLju4tQ5Pc3zmZkN/3A==
    dependencies:
      "@babel/runtime" "^7.7.2"
      "@jimp/core" "^0.16.1"
  
  "@jimp/gif@^0.16.1":
    version "0.16.1"
    resolved "https://registry.yarnpkg.com/@jimp/gif/-/gif-0.16.1.tgz#d1f7c3a58f4666482750933af8b8f4666414f3ca"
    integrity sha512-r/1+GzIW1D5zrP4tNrfW+3y4vqD935WBXSc8X/wm23QTY9aJO9Lw6PEdzpYCEY+SOklIFKaJYUAq/Nvgm/9ryw==
    dependencies:
      "@babel/runtime" "^7.7.2"
      "@jimp/utils" "^0.16.1"
      gifwrap "^0.9.2"
      omggif "^1.0.9"
  
  "@jimp/jpeg@^0.16.1":
    version "0.16.1"
    resolved "https://registry.yarnpkg.com/@jimp/jpeg/-/jpeg-0.16.1.tgz#3b7bb08a4173f2f6d81f3049b251df3ee2ac8175"
    integrity sha512-8352zrdlCCLFdZ/J+JjBslDvml+fS3Z8gttdml0We759PnnZGqrnPRhkOEOJbNUlE+dD4ckLeIe6NPxlS/7U+w==
    dependencies:
      "@babel/runtime" "^7.7.2"
      "@jimp/utils" "^0.16.1"
      jpeg-js "0.4.2"
  
  "@jimp/plugin-blit@^0.16.1":
    version "0.16.1"
    resolved "https://registry.yarnpkg.com/@jimp/plugin-blit/-/plugin-blit-0.16.1.tgz#09ea919f9d326de3b9c2826fe4155da37dde8edb"
    integrity sha512-fKFNARm32RoLSokJ8WZXHHH2CGzz6ire2n1Jh6u+XQLhk9TweT1DcLHIXwQMh8oR12KgjbgsMGvrMVlVknmOAg==
    dependencies:
      "@babel/runtime" "^7.7.2"
      "@jimp/utils" "^0.16.1"
  
  "@jimp/plugin-blur@^0.16.1":
    version "0.16.1"
    resolved "https://registry.yarnpkg.com/@jimp/plugin-blur/-/plugin-blur-0.16.1.tgz#e614fa002797dcd662e705d4cea376e7db968bf5"
    integrity sha512-1WhuLGGj9MypFKRcPvmW45ht7nXkOKu+lg3n2VBzIB7r4kKNVchuI59bXaCYQumOLEqVK7JdB4glaDAbCQCLyw==
    dependencies:
      "@babel/runtime" "^7.7.2"
      "@jimp/utils" "^0.16.1"
  
  "@jimp/plugin-circle@^0.16.1":
    version "0.16.1"
    resolved "https://registry.yarnpkg.com/@jimp/plugin-circle/-/plugin-circle-0.16.1.tgz#20e3194a67ca29740aba2630fd4d0a89afa27491"
    integrity sha512-JK7yi1CIU7/XL8hdahjcbGA3V7c+F+Iw+mhMQhLEi7Q0tCnZ69YJBTamMiNg3fWPVfMuvWJJKOBRVpwNTuaZRg==
    dependencies:
      "@babel/runtime" "^7.7.2"
      "@jimp/utils" "^0.16.1"
  
  "@jimp/plugin-color@^0.16.1":
    version "0.16.1"
    resolved "https://registry.yarnpkg.com/@jimp/plugin-color/-/plugin-color-0.16.1.tgz#0f298ba74dee818b663834cd80d53e56f3755233"
    integrity sha512-9yQttBAO5SEFj7S6nJK54f+1BnuBG4c28q+iyzm1JjtnehjqMg6Ljw4gCSDCvoCQ3jBSYHN66pmwTV74SU1B7A==
    dependencies:
      "@babel/runtime" "^7.7.2"
      "@jimp/utils" "^0.16.1"
      tinycolor2 "^1.4.1"
  
  "@jimp/plugin-contain@^0.16.1":
    version "0.16.1"
    resolved "https://registry.yarnpkg.com/@jimp/plugin-contain/-/plugin-contain-0.16.1.tgz#3c5f5c495fd9bb08a970739d83694934f58123f2"
    integrity sha512-44F3dUIjBDHN+Ym/vEfg+jtjMjAqd2uw9nssN67/n4FdpuZUVs7E7wadKY1RRNuJO+WgcD5aDQcsvurXMETQTg==
    dependencies:
      "@babel/runtime" "^7.7.2"
      "@jimp/utils" "^0.16.1"
  
  "@jimp/plugin-cover@^0.16.1":
    version "0.16.1"
    resolved "https://registry.yarnpkg.com/@jimp/plugin-cover/-/plugin-cover-0.16.1.tgz#0e8caec16a40abe15b1b32e5383a603a3306dc41"
    integrity sha512-YztWCIldBAVo0zxcQXR+a/uk3/TtYnpKU2CanOPJ7baIuDlWPsG+YE4xTsswZZc12H9Kl7CiziEbDtvF9kwA/Q==
    dependencies:
      "@babel/runtime" "^7.7.2"
      "@jimp/utils" "^0.16.1"
  
  "@jimp/plugin-crop@^0.16.1":
    version "0.16.1"
    resolved "https://registry.yarnpkg.com/@jimp/plugin-crop/-/plugin-crop-0.16.1.tgz#b362497c873043fe47ba881ab08604bf7226f50f"
    integrity sha512-UQdva9oQzCVadkyo3T5Tv2CUZbf0klm2cD4cWMlASuTOYgaGaFHhT9st+kmfvXjKL8q3STkBu/zUPV6PbuV3ew==
    dependencies:
      "@babel/runtime" "^7.7.2"
      "@jimp/utils" "^0.16.1"
  
  "@jimp/plugin-displace@^0.16.1":
    version "0.16.1"
    resolved "https://registry.yarnpkg.com/@jimp/plugin-displace/-/plugin-displace-0.16.1.tgz#4dd9db518c3e78de9d723f86a234bf98922afe8d"
    integrity sha512-iVAWuz2+G6Heu8gVZksUz+4hQYpR4R0R/RtBzpWEl8ItBe7O6QjORAkhxzg+WdYLL2A/Yd4ekTpvK0/qW8hTVw==
    dependencies:
      "@babel/runtime" "^7.7.2"
      "@jimp/utils" "^0.16.1"
  
  "@jimp/plugin-dither@^0.16.1":
    version "0.16.1"
    resolved "https://registry.yarnpkg.com/@jimp/plugin-dither/-/plugin-dither-0.16.1.tgz#b47de2c0bb09608bed228b41c3cd01a85ec2d45b"
    integrity sha512-tADKVd+HDC9EhJRUDwMvzBXPz4GLoU6s5P7xkVq46tskExYSptgj5713J5Thj3NMgH9Rsqu22jNg1H/7tr3V9Q==
    dependencies:
      "@babel/runtime" "^7.7.2"
      "@jimp/utils" "^0.16.1"
  
  "@jimp/plugin-fisheye@^0.16.1":
    version "0.16.1"
    resolved "https://registry.yarnpkg.com/@jimp/plugin-fisheye/-/plugin-fisheye-0.16.1.tgz#f625047b6cdbe1b83b89e9030fd025ab19cdb1a4"
    integrity sha512-BWHnc5hVobviTyIRHhIy9VxI1ACf4CeSuCfURB6JZm87YuyvgQh5aX5UDKtOz/3haMHXBLP61ZBxlNpMD8CG4A==
    dependencies:
      "@babel/runtime" "^7.7.2"
      "@jimp/utils" "^0.16.1"
  
  "@jimp/plugin-flip@^0.16.1":
    version "0.16.1"
    resolved "https://registry.yarnpkg.com/@jimp/plugin-flip/-/plugin-flip-0.16.1.tgz#7a99ea22bde802641017ed0f2615870c144329bb"
    integrity sha512-KdxTf0zErfZ8DyHkImDTnQBuHby+a5YFdoKI/G3GpBl3qxLBvC+PWkS2F/iN3H7wszP7/TKxTEvWL927pypT0w==
    dependencies:
      "@babel/runtime" "^7.7.2"
      "@jimp/utils" "^0.16.1"
  
  "@jimp/plugin-gaussian@^0.16.1":
    version "0.16.1"
    resolved "https://registry.yarnpkg.com/@jimp/plugin-gaussian/-/plugin-gaussian-0.16.1.tgz#0845e314085ccd52e34fad9a83949bc0d81a68e8"
    integrity sha512-u9n4wjskh3N1mSqketbL6tVcLU2S5TEaFPR40K6TDv4phPLZALi1Of7reUmYpVm8mBDHt1I6kGhuCJiWvzfGyg==
    dependencies:
      "@babel/runtime" "^7.7.2"
      "@jimp/utils" "^0.16.1"
  
  "@jimp/plugin-invert@^0.16.1":
    version "0.16.1"
    resolved "https://registry.yarnpkg.com/@jimp/plugin-invert/-/plugin-invert-0.16.1.tgz#7e6f5a15707256f3778d06921675bbcf18545c97"
    integrity sha512-2DKuyVXANH8WDpW9NG+PYFbehzJfweZszFYyxcaewaPLN0GxvxVLOGOPP1NuUTcHkOdMFbE0nHDuB7f+sYF/2w==
    dependencies:
      "@babel/runtime" "^7.7.2"
      "@jimp/utils" "^0.16.1"
  
  "@jimp/plugin-mask@^0.16.1":
    version "0.16.1"
    resolved "https://registry.yarnpkg.com/@jimp/plugin-mask/-/plugin-mask-0.16.1.tgz#e7f2460e05c3cda7af5e76f33ccb0579f66f90df"
    integrity sha512-snfiqHlVuj4bSFS0v96vo2PpqCDMe4JB+O++sMo5jF5mvGcGL6AIeLo8cYqPNpdO6BZpBJ8MY5El0Veckhr39Q==
    dependencies:
      "@babel/runtime" "^7.7.2"
      "@jimp/utils" "^0.16.1"
  
  "@jimp/plugin-normalize@^0.16.1":
    version "0.16.1"
    resolved "https://registry.yarnpkg.com/@jimp/plugin-normalize/-/plugin-normalize-0.16.1.tgz#032dfd88eefbc4dedc8b1b2d243832e4f3af30c8"
    integrity sha512-dOQfIOvGLKDKXPU8xXWzaUeB0nvkosHw6Xg1WhS1Z5Q0PazByhaxOQkSKgUryNN/H+X7UdbDvlyh/yHf3ITRaw==
    dependencies:
      "@babel/runtime" "^7.7.2"
      "@jimp/utils" "^0.16.1"
  
  "@jimp/plugin-print@^0.16.1":
    version "0.16.1"
    resolved "https://registry.yarnpkg.com/@jimp/plugin-print/-/plugin-print-0.16.1.tgz#66b803563f9d109825970714466e6ab9ae639ff6"
    integrity sha512-ceWgYN40jbN4cWRxixym+csyVymvrryuKBQ+zoIvN5iE6OyS+2d7Mn4zlNgumSczb9GGyZZESIgVcBDA1ezq0Q==
    dependencies:
      "@babel/runtime" "^7.7.2"
      "@jimp/utils" "^0.16.1"
      load-bmfont "^1.4.0"
  
  "@jimp/plugin-resize@^0.16.1":
    version "0.16.1"
    resolved "https://registry.yarnpkg.com/@jimp/plugin-resize/-/plugin-resize-0.16.1.tgz#65e39d848ed13ba2d6c6faf81d5d590396571d10"
    integrity sha512-u4JBLdRI7dargC04p2Ha24kofQBk3vhaf0q8FwSYgnCRwxfvh2RxvhJZk9H7Q91JZp6wgjz/SjvEAYjGCEgAwQ==
    dependencies:
      "@babel/runtime" "^7.7.2"
      "@jimp/utils" "^0.16.1"
  
  "@jimp/plugin-rotate@^0.16.1":
    version "0.16.1"
    resolved "https://registry.yarnpkg.com/@jimp/plugin-rotate/-/plugin-rotate-0.16.1.tgz#53fb5d51a4b3d05af9c91c2a8fffe5d7a1a47c8c"
    integrity sha512-ZUU415gDQ0VjYutmVgAYYxC9Og9ixu2jAGMCU54mSMfuIlmohYfwARQmI7h4QB84M76c9hVLdONWjuo+rip/zg==
    dependencies:
      "@babel/runtime" "^7.7.2"
      "@jimp/utils" "^0.16.1"
  
  "@jimp/plugin-scale@^0.16.1":
    version "0.16.1"
    resolved "https://registry.yarnpkg.com/@jimp/plugin-scale/-/plugin-scale-0.16.1.tgz#89f6ba59feed3429847ed226aebda33a240cc647"
    integrity sha512-jM2QlgThIDIc4rcyughD5O7sOYezxdafg/2Xtd1csfK3z6fba3asxDwthqPZAgitrLgiKBDp6XfzC07Y/CefUw==
    dependencies:
      "@babel/runtime" "^7.7.2"
      "@jimp/utils" "^0.16.1"
  
  "@jimp/plugin-shadow@^0.16.1":
    version "0.16.1"
    resolved "https://registry.yarnpkg.com/@jimp/plugin-shadow/-/plugin-shadow-0.16.1.tgz#a7af892a740febf41211e10a5467c3c5c521a04c"
    integrity sha512-MeD2Is17oKzXLnsphAa1sDstTu6nxscugxAEk3ji0GV1FohCvpHBcec0nAq6/czg4WzqfDts+fcPfC79qWmqrA==
    dependencies:
      "@babel/runtime" "^7.7.2"
      "@jimp/utils" "^0.16.1"
  
  "@jimp/plugin-threshold@^0.16.1":
    version "0.16.1"
    resolved "https://registry.yarnpkg.com/@jimp/plugin-threshold/-/plugin-threshold-0.16.1.tgz#34f3078f9965145b7ae26c53a32ad74b1195bbf5"
    integrity sha512-iGW8U/wiCSR0+6syrPioVGoSzQFt4Z91SsCRbgNKTAk7D+XQv6OI78jvvYg4o0c2FOlwGhqz147HZV5utoSLxA==
    dependencies:
      "@babel/runtime" "^7.7.2"
      "@jimp/utils" "^0.16.1"
  
  "@jimp/plugins@^0.16.1":
    version "0.16.1"
    resolved "https://registry.yarnpkg.com/@jimp/plugins/-/plugins-0.16.1.tgz#9f08544c97226d6460a16ced79f57e85bec3257b"
    integrity sha512-c+lCqa25b+4q6mJZSetlxhMoYuiltyS+ValLzdwK/47+aYsq+kcJNl+TuxIEKf59yr9+5rkbpsPkZHLF/V7FFA==
    dependencies:
      "@babel/runtime" "^7.7.2"
      "@jimp/plugin-blit" "^0.16.1"
      "@jimp/plugin-blur" "^0.16.1"
      "@jimp/plugin-circle" "^0.16.1"
      "@jimp/plugin-color" "^0.16.1"
      "@jimp/plugin-contain" "^0.16.1"
      "@jimp/plugin-cover" "^0.16.1"
      "@jimp/plugin-crop" "^0.16.1"
      "@jimp/plugin-displace" "^0.16.1"
      "@jimp/plugin-dither" "^0.16.1"
      "@jimp/plugin-fisheye" "^0.16.1"
      "@jimp/plugin-flip" "^0.16.1"
      "@jimp/plugin-gaussian" "^0.16.1"
      "@jimp/plugin-invert" "^0.16.1"
      "@jimp/plugin-mask" "^0.16.1"
      "@jimp/plugin-normalize" "^0.16.1"
      "@jimp/plugin-print" "^0.16.1"
      "@jimp/plugin-resize" "^0.16.1"
      "@jimp/plugin-rotate" "^0.16.1"
      "@jimp/plugin-scale" "^0.16.1"
      "@jimp/plugin-shadow" "^0.16.1"
      "@jimp/plugin-threshold" "^0.16.1"
      timm "^1.6.1"
  
  "@jimp/png@^0.16.1":
    version "0.16.1"
    resolved "https://registry.yarnpkg.com/@jimp/png/-/png-0.16.1.tgz#f24cfc31529900b13a2dd9d4fdb4460c1e4d814e"
    integrity sha512-iyWoCxEBTW0OUWWn6SveD4LePW89kO7ZOy5sCfYeDM/oTPLpR8iMIGvZpZUz1b8kvzFr27vPst4E5rJhGjwsdw==
    dependencies:
      "@babel/runtime" "^7.7.2"
      "@jimp/utils" "^0.16.1"
      pngjs "^3.3.3"
  
  "@jimp/tiff@^0.16.1":
    version "0.16.1"
    resolved "https://registry.yarnpkg.com/@jimp/tiff/-/tiff-0.16.1.tgz#0e8756695687d7574b6bc73efab0acd4260b7a12"
    integrity sha512-3K3+xpJS79RmSkAvFMgqY5dhSB+/sxhwTFA9f4AVHUK0oKW+u6r52Z1L0tMXHnpbAdR9EJ+xaAl2D4x19XShkQ==
    dependencies:
      "@babel/runtime" "^7.7.2"
      utif "^2.0.1"
  
  "@jimp/types@^0.16.1":
    version "0.16.1"
    resolved "https://registry.yarnpkg.com/@jimp/types/-/types-0.16.1.tgz#0dbab37b3202315c91010f16c31766d35a2322cc"
    integrity sha512-g1w/+NfWqiVW4CaXSJyD28JQqZtm2eyKMWPhBBDCJN9nLCN12/Az0WFF3JUAktzdsEC2KRN2AqB1a2oMZBNgSQ==
    dependencies:
      "@babel/runtime" "^7.7.2"
      "@jimp/bmp" "^0.16.1"
      "@jimp/gif" "^0.16.1"
      "@jimp/jpeg" "^0.16.1"
      "@jimp/png" "^0.16.1"
      "@jimp/tiff" "^0.16.1"
      timm "^1.6.1"
  
  "@jimp/utils@^0.16.1":
    version "0.16.1"
    resolved "https://registry.yarnpkg.com/@jimp/utils/-/utils-0.16.1.tgz#2f51e6f14ff8307c4aa83d5e1a277da14a9fe3f7"
    integrity sha512-8fULQjB0x4LzUSiSYG6ZtQl355sZjxbv8r9PPAuYHzS9sGiSHJQavNqK/nKnpDsVkU88/vRGcE7t3nMU0dEnVw==
    dependencies:
      "@babel/runtime" "^7.7.2"
      regenerator-runtime "^0.13.3"
  
  "@mapbox/node-pre-gyp@1.0.4":
    version "1.0.4"
    resolved "https://registry.yarnpkg.com/@mapbox/node-pre-gyp/-/node-pre-gyp-1.0.4.tgz#6c76e7a40138eac39e1a4dc869a083e43e236c00"
    integrity sha512-M669Qo4nRT7iDmQEjQYC7RU8Z6dpz9UmSbkJ1OFEja3uevCdLKh7IZZki7L1TZj02kRyl82snXFY8QqkyfowrQ==
    dependencies:
      detect-libc "^1.0.3"
      https-proxy-agent "^5.0.0"
      make-dir "^3.1.0"
      node-fetch "^2.6.1"
      nopt "^5.0.0"
      npmlog "^4.1.2"
      rimraf "^3.0.2"
      semver "^7.3.4"
      tar "^6.1.0"
  
  "@mapbox/node-pre-gyp@^1.0.0":
    version "1.0.7"
    resolved "https://registry.yarnpkg.com/@mapbox/node-pre-gyp/-/node-pre-gyp-1.0.7.tgz#a26919cac6595662703330d1820a0ca206f45521"
    integrity sha512-PplSvl4pJ5N3BkVjAdDzpPhVUPdC73JgttkR+LnBx2OORC1GCQsBjUeEuipf9uOaAM1SbxcdZFfR3KDTKm2S0A==
    dependencies:
      detect-libc "^1.0.3"
      https-proxy-agent "^5.0.0"
      make-dir "^3.1.0"
      node-fetch "^2.6.5"
      nopt "^5.0.0"
      npmlog "^6.0.0"
      rimraf "^3.0.2"
      semver "^7.3.5"
      tar "^6.1.11"
  
  "@tensorflow/tfjs-backend-cpu@3.11.0":
    version "3.11.0"
    resolved "https://registry.yarnpkg.com/@tensorflow/tfjs-backend-cpu/-/tfjs-backend-cpu-3.11.0.tgz#01d5d68b91faf12bee4854adae56bc956b794f1a"
    integrity sha512-ShLkrZ4/rmhZwzGKenMFDfQnaEbyZgWA5F8JRa52Iob/vptlZeuOzjq87CZKmZMUmDswR9A2kjzovT/H1bJdWQ==
    dependencies:
      "@types/seedrandom" "2.4.27"
      seedrandom "2.4.3"
  
  "@tensorflow/tfjs-backend-webgl@3.11.0":
    version "3.11.0"
    resolved "https://registry.yarnpkg.com/@tensorflow/tfjs-backend-webgl/-/tfjs-backend-webgl-3.11.0.tgz#fbd7f24c164d17c11d964206b4b075b073b1a3bc"
    integrity sha512-rNnc/dZ7LIl9O/Pn9W24I1h8kgpJ+XvG8NrdNSfIoWPCW4fvPSlU7B3yMeZXvRneny+z+T3xRs96nWyU2mZBJw==
    dependencies:
      "@tensorflow/tfjs-backend-cpu" "3.11.0"
      "@types/offscreencanvas" "~2019.3.0"
      "@types/seedrandom" "2.4.27"
      "@types/webgl-ext" "0.0.30"
      "@types/webgl2" "0.0.6"
      seedrandom "2.4.3"
  
  "@tensorflow/tfjs-converter@3.11.0":
    version "3.11.0"
    resolved "https://registry.yarnpkg.com/@tensorflow/tfjs-converter/-/tfjs-converter-3.11.0.tgz#0842269a83599b52fd167a8a05372018a9a1ca6a"
    integrity sha512-rTRIKvBoqL0qdPYpm8UXauZycOiaBHZB2E2v3OoXoHnjvle/Xn/09uZJdrixgGhR+Kahs3Vz27BEEFz6RI5j2w==
  
  "@tensorflow/tfjs-core@3.11.0":
    version "3.11.0"
    resolved "https://registry.yarnpkg.com/@tensorflow/tfjs-core/-/tfjs-core-3.11.0.tgz#1e3986533faaed922bbfc2fe86da506d0e9e5c79"
    integrity sha512-JOp+1+LCd0Xg3hu7fu6iQPWZnN8Hc6ssfP7B+625XH5GYY1/OhVASa7Ahe2mJr9gZovY2lw8FUejLh1jMmBb1Q==
    dependencies:
      "@types/long" "^4.0.1"
      "@types/offscreencanvas" "~2019.3.0"
      "@types/seedrandom" "2.4.27"
      "@types/webgl-ext" "0.0.30"
      long "4.0.0"
      node-fetch "~2.6.1"
      seedrandom "2.4.3"
  
  "@tensorflow/tfjs-data@3.11.0":
    version "3.11.0"
    resolved "https://registry.yarnpkg.com/@tensorflow/tfjs-data/-/tfjs-data-3.11.0.tgz#90dd23a7181f0a744f2882a12c3442b27047383d"
    integrity sha512-+cUHUHzjM/zs0JVOwHQm9wP15Y+BZdRcUpMoYWia8r3kaGSyvoz6WqzacEP1PeXgJVnr2gtU3D+bF32th8fZfQ==
    dependencies:
      "@types/node-fetch" "^2.1.2"
      node-fetch "~2.6.1"
  
  "@tensorflow/tfjs-layers@3.11.0":
    version "3.11.0"
    resolved "https://registry.yarnpkg.com/@tensorflow/tfjs-layers/-/tfjs-layers-3.11.0.tgz#456d8dc3fe93937ced329d5d06310da294d3758c"
    integrity sha512-BtLgLucJZHv5te1K3yjT3iZdHXgMJArrLuOb/oRPOtTp4R2ad5N0V2m5RtuZJ3sI5/ah0h72xtmTWNyTv3/5dw==
  
  "@tensorflow/tfjs-node@^3.11.0":
    version "3.11.0"
    resolved "https://registry.yarnpkg.com/@tensorflow/tfjs-node/-/tfjs-node-3.11.0.tgz#6c6f0dc0e2f0eb03658337b53ce3009e97526f8d"
    integrity sha512-EFBAkwJDoP4WuiWqjT9ER80dUvilvVFXULlU3WpmVGDluIL/Yq18xEKHvPaYHW5jLq/mvMljLtUBlHqigfvAhw==
    dependencies:
      "@mapbox/node-pre-gyp" "1.0.4"
      "@tensorflow/tfjs" "3.11.0"
      adm-zip "^0.5.2"
      google-protobuf "^3.9.2"
      https-proxy-agent "^2.2.1"
      progress "^2.0.0"
      rimraf "^2.6.2"
      tar "^4.4.6"
  
  "@tensorflow/tfjs@3.11.0", "@tensorflow/tfjs@^3.11.0":
    version "3.11.0"
    resolved "https://registry.yarnpkg.com/@tensorflow/tfjs/-/tfjs-3.11.0.tgz#63d5231f41d57ca11b910664632a8e349eba3967"
    integrity sha512-TTYrKdkoh1sHnt4vn6MboLbpi1Es4U1Aw+L3PqwadRvXW4+7ySUtc00McrQ+ooK0q3Qhl3N7cvgchgM7nED3Mg==
    dependencies:
      "@tensorflow/tfjs-backend-cpu" "3.11.0"
      "@tensorflow/tfjs-backend-webgl" "3.11.0"
      "@tensorflow/tfjs-converter" "3.11.0"
      "@tensorflow/tfjs-core" "3.11.0"
      "@tensorflow/tfjs-data" "3.11.0"
      "@tensorflow/tfjs-layers" "3.11.0"
      argparse "^1.0.10"
      chalk "^4.1.0"
      core-js "3"
      regenerator-runtime "^0.13.5"
      yargs "^16.0.3"
  
  "@types/long@^4.0.1":
    version "4.0.1"
    resolved "https://registry.yarnpkg.com/@types/long/-/long-4.0.1.tgz#459c65fa1867dafe6a8f322c4c51695663cc55e9"
    integrity sha512-5tXH6Bx/kNGd3MgffdmP4dy2Z+G4eaXw0SE81Tq3BNadtnMR5/ySMzX4SLEzHJzSmPNn4HIdpQsBvXMUykr58w==
  
  "@types/node-fetch@^2.1.2":
    version "2.5.12"
    resolved "https://registry.yarnpkg.com/@types/node-fetch/-/node-fetch-2.5.12.tgz#8a6f779b1d4e60b7a57fb6fd48d84fb545b9cc66"
    integrity sha512-MKgC4dlq4kKNa/mYrwpKfzQMB5X3ee5U6fSprkKpToBqBmX4nFZL9cW5jl6sWn+xpRJ7ypWh2yyqqr8UUCstSw==
    dependencies:
      "@types/node" "*"
      form-data "^3.0.0"
  
  "@types/node@*":
    version "16.11.11"
    resolved "https://registry.yarnpkg.com/@types/node/-/node-16.11.11.tgz#6ea7342dfb379ea1210835bada87b3c512120234"
    integrity sha512-KB0sixD67CeecHC33MYn+eYARkqTheIRNuu97y2XMjR7Wu3XibO1vaY6VBV6O/a89SPI81cEUIYT87UqUWlZNw==
  
  "@types/node@14":
    version "14.18.0"
    resolved "https://registry.yarnpkg.com/@types/node/-/node-14.18.0.tgz#98df2397f6936bfbff4f089e40e06fa5dd88d32a"
    integrity sha512-0GeIl2kmVMXEnx8tg1SlG6Gg8vkqirrW752KqolYo1PHevhhZN3bhJ67qHj+bQaINhX0Ra3TlWwRvMCd9iEfNQ==
  
  "@types/offscreencanvas@~2019.3.0":
    version "2019.3.0"
    resolved "https://registry.yarnpkg.com/@types/offscreencanvas/-/offscreencanvas-2019.3.0.tgz#3336428ec7e9180cf4566dfea5da04eb586a6553"
    integrity sha512-esIJx9bQg+QYF0ra8GnvfianIY8qWB0GBx54PK5Eps6m+xTj86KLavHv6qDhzKcu5UUOgNfJ2pWaIIV7TRUd9Q==
  
  "@types/seedrandom@2.4.27":
    version "2.4.27"
    resolved "https://registry.yarnpkg.com/@types/seedrandom/-/seedrandom-2.4.27.tgz#9db563937dd86915f69092bc43259d2f48578e41"
    integrity sha1-nbVjk33YaRX2kJK8QyWdL0hXjkE=
  
  "@types/webgl-ext@0.0.30":
    version "0.0.30"
    resolved "https://registry.yarnpkg.com/@types/webgl-ext/-/webgl-ext-0.0.30.tgz#0ce498c16a41a23d15289e0b844d945b25f0fb9d"
    integrity sha512-LKVgNmBxN0BbljJrVUwkxwRYqzsAEPcZOe6S2T6ZaBDIrFp0qu4FNlpc5sM1tGbXUYFgdVQIoeLk1Y1UoblyEg==
  
  "@types/webgl2@0.0.6":
    version "0.0.6"
    resolved "https://registry.yarnpkg.com/@types/webgl2/-/webgl2-0.0.6.tgz#1ea2db791362bd8521548d664dbd3c5311cdf4b6"
    integrity sha512-50GQhDVTq/herLMiqSQkdtRu+d5q/cWHn4VvKJtrj4DJAjo1MNkWYa2MA41BaBO1q1HgsUjuQvEOk0QHvlnAaQ==
  
  abbrev@1:
    version "1.1.1"
    resolved "https://registry.yarnpkg.com/abbrev/-/abbrev-1.1.1.tgz#f8f2c887ad10bf67f634f005b6987fed3179aac8"
    integrity sha512-nne9/IiQ/hzIhY6pdDnbBtz7DjPTKrY00P/zvPSm5pOFkl6xuGrGnXn/VtTNNfNtAfZ9/1RtehkszU9qcTii0Q==
  
  adm-zip@^0.5.2:
    version "0.5.9"
    resolved "https://registry.yarnpkg.com/adm-zip/-/adm-zip-0.5.9.tgz#b33691028333821c0cf95c31374c5462f2905a83"
    integrity sha512-s+3fXLkeeLjZ2kLjCBwQufpI5fuN+kIGBxu6530nVQZGVol0d7Y/M88/xw9HGGUcJjKf8LutN3VPRUBq6N7Ajg==
  
  agent-base@6:
    version "6.0.2"
    resolved "https://registry.yarnpkg.com/agent-base/-/agent-base-6.0.2.tgz#49fff58577cfee3f37176feab4c22e00f86d7f77"
    integrity sha512-RZNwNclF7+MS/8bDg70amg32dyeZGZxiDuQmZxKLAlQjr3jGyLx+4Kkk58UO7D2QdgFIQCovuSuZESne6RG6XQ==
    dependencies:
      debug "4"
  
  agent-base@^4.3.0:
    version "4.3.0"
    resolved "https://registry.yarnpkg.com/agent-base/-/agent-base-4.3.0.tgz#8165f01c436009bccad0b1d122f05ed770efc6ee"
    integrity sha512-salcGninV0nPrwpGNn4VTXBb1SOuXQBiqbrNXoeizJsHrsL6ERFM2Ne3JUSBWRE6aeNJI2ROP/WEEIDUiDe3cg==
    dependencies:
      es6-promisify "^5.0.0"
  
  ansi-regex@^2.0.0:
    version "2.1.1"
    resolved "https://registry.yarnpkg.com/ansi-regex/-/ansi-regex-2.1.1.tgz#c3b33ab5ee360d86e0e628f0468ae7ef27d654df"
    integrity sha1-w7M6te42DYbg5ijwRorn7yfWVN8=
  
  ansi-regex@^5.0.1:
    version "5.0.1"
    resolved "https://registry.yarnpkg.com/ansi-regex/-/ansi-regex-5.0.1.tgz#082cb2c89c9fe8659a311a53bd6a4dc5301db304"
    integrity sha512-quJQXlTSUGL2LH9SUXo8VwsY4soanhgo6LNSm84E1LBcE8s3O0wpdiRzyR9z/ZZJMlMWv37qOOb9pdJlMUEKFQ==
  
  ansi-styles@^4.0.0, ansi-styles@^4.1.0:
    version "4.3.0"
    resolved "https://registry.yarnpkg.com/ansi-styles/-/ansi-styles-4.3.0.tgz#edd803628ae71c04c85ae7a0906edad34b648937"
    integrity sha512-zbB9rCJAT1rbjiVDb2hqKFHNYLxgtk8NURxZ3IZwD3F6NtxbXZQCnnSi1Lkx+IDohdPlFp222wVALIheZJQSEg==
    dependencies:
      color-convert "^2.0.1"
  
  any-base@^1.1.0:
    version "1.1.0"
    resolved "https://registry.yarnpkg.com/any-base/-/any-base-1.1.0.tgz#ae101a62bc08a597b4c9ab5b7089d456630549fe"
    integrity sha512-uMgjozySS8adZZYePpaWs8cxB9/kdzmpX6SgJZ+wbz1K5eYk5QMYDVJaZKhxyIHUdnnJkfR7SVgStgH7LkGUyg==
  
  aproba@^1.0.3:
    version "1.2.0"
    resolved "https://registry.yarnpkg.com/aproba/-/aproba-1.2.0.tgz#6802e6264efd18c790a1b0d517f0f2627bf2c94a"
    integrity sha512-Y9J6ZjXtoYh8RnXVCMOU/ttDmk1aBjunq9vO0ta5x85WDQiQfUF9sIPBITdbiiIVcBo03Hi3jMxigBtsddlXRw==
  
  "aproba@^1.0.3 || ^2.0.0":
    version "2.0.0"
    resolved "https://registry.yarnpkg.com/aproba/-/aproba-2.0.0.tgz#52520b8ae5b569215b354efc0caa3fe1e45a8adc"
    integrity sha512-lYe4Gx7QT+MKGbDsA+Z+he/Wtef0BiwDOlK/XkBrdfsh9J/jPPXbX0tE9x9cl27Tmu5gg3QUbUrQYa/y+KOHPQ==
  
  are-we-there-yet@^2.0.0:
    version "2.0.0"
    resolved "https://registry.yarnpkg.com/are-we-there-yet/-/are-we-there-yet-2.0.0.tgz#372e0e7bd279d8e94c653aaa1f67200884bf3e1c"
    integrity sha512-Ci/qENmwHnsYo9xKIcUJN5LeDKdJ6R1Z1j9V/J5wyq8nh/mYPEpIKJbBZXtZjG04HiK7zV/p6Vs9952MrMeUIw==
    dependencies:
      delegates "^1.0.0"
      readable-stream "^3.6.0"
  
  are-we-there-yet@~1.1.2:
    version "1.1.7"
    resolved "https://registry.yarnpkg.com/are-we-there-yet/-/are-we-there-yet-1.1.7.tgz#b15474a932adab4ff8a50d9adfa7e4e926f21146"
    integrity sha512-nxwy40TuMiUGqMyRHgCSWZ9FM4VAoRP4xUYSTv5ImRog+h9yISPbVH7H8fASCIzYn9wlEv4zvFL7uKDMCFQm3g==
    dependencies:
      delegates "^1.0.0"
      readable-stream "^2.0.6"
  
  argparse@^1.0.10:
    version "1.0.10"
    resolved "https://registry.yarnpkg.com/argparse/-/argparse-1.0.10.tgz#bcd6791ea5ae09725e17e5ad988134cd40b3d911"
    integrity sha512-o5Roy6tNG4SL/FOkCAN6RzjiakZS25RLYFrcMttJqbdd8BWrnA+fGz57iN5Pb06pvBGvl5gQ0B48dJlslXvoTg==
    dependencies:
      sprintf-js "~1.0.2"
  
  asynckit@^0.4.0:
    version "0.4.0"
    resolved "https://registry.yarnpkg.com/asynckit/-/asynckit-0.4.0.tgz#c79ed97f7f34cb8f2ba1bc9790bcc366474b4b79"
    integrity sha1-x57Zf380y48robyXkLzDZkdLS3k=
  
  balanced-match@^1.0.0:
    version "1.0.2"
    resolved "https://registry.yarnpkg.com/balanced-match/-/balanced-match-1.0.2.tgz#e83e3a7e3f300b34cb9d87f615fa0cbf357690ee"
    integrity sha512-3oSeUO0TMV67hN1AmbXsK4yaqU7tjiHlbxRDZOpH0KW9+CeX4bRAaX0Anxt0tx2MrpRpWwQaPwIlISEJhYU5Pw==
  
  base64-js@^1.3.1:
    version "1.5.1"
    resolved "https://registry.yarnpkg.com/base64-js/-/base64-js-1.5.1.tgz#1b1b440160a5bf7ad40b650f095963481903930a"
    integrity sha512-AKpaYlHn8t4SVbOHCy+b5+KKgvR4vrsD8vbvrbiQJps7fKDTkjkDry6ji0rUJjC0kzbNePLwzxq8iypo41qeWA==
  
  bmp-js@^0.1.0:
    version "0.1.0"
    resolved "https://registry.yarnpkg.com/bmp-js/-/bmp-js-0.1.0.tgz#e05a63f796a6c1ff25f4771ec7adadc148c07233"
    integrity sha1-4Fpj95amwf8l9Hcex62twUjAcjM=
  
  brace-expansion@^1.1.7:
    version "1.1.11"
    resolved "https://registry.yarnpkg.com/brace-expansion/-/brace-expansion-1.1.11.tgz#3c7fcbf529d87226f3d2f52b966ff5271eb441dd"
    integrity sha512-iCuPHDFgrHX7H2vEI/5xpz07zSHB00TpugqhmYtVmMO6518mCuRMoOYFldEBl0g187ufozdaHgWKcYFb61qGiA==
    dependencies:
      balanced-match "^1.0.0"
      concat-map "0.0.1"
  
  buffer-equal@0.0.1:
    version "0.0.1"
    resolved "https://registry.yarnpkg.com/buffer-equal/-/buffer-equal-0.0.1.tgz#91bc74b11ea405bc916bc6aa908faafa5b4aac4b"
    integrity sha1-kbx0sR6kBbyRa8aqkI+q+ltKrEs=
  
  buffer-from@^1.0.0:
    version "1.1.2"
    resolved "https://registry.yarnpkg.com/buffer-from/-/buffer-from-1.1.2.tgz#2b146a6fd72e80b4f55d255f35ed59a3a9a41bd5"
    integrity sha512-E+XQCRwSbaaiChtv6k6Dwgc+bx+Bs6vuKJHHl5kox/BaKbhiXzqQOwK4cO22yElGp2OCmjwVhT3HmxgyPGnJfQ==
  
  buffer@^5.2.0:
    version "5.7.1"
    resolved "https://registry.yarnpkg.com/buffer/-/buffer-5.7.1.tgz#ba62e7c13133053582197160851a8f648e99eed0"
    integrity sha512-EHcyIPBQ4BSGlvjB16k5KgAJ27CIsHY/2JBmCRReo48y9rQ3MaUzWX3KVlBa4U7MyX02HdVj0K7C3WaB3ju7FQ==
    dependencies:
      base64-js "^1.3.1"
      ieee754 "^1.1.13"
  
  canvas@^2.8.0:
    version "2.8.0"
    resolved "https://registry.yarnpkg.com/canvas/-/canvas-2.8.0.tgz#f99ca7f25e6e26686661ffa4fec1239bbef74461"
    integrity sha512-gLTi17X8WY9Cf5GZ2Yns8T5lfBOcGgFehDFb+JQwDqdOoBOcECS9ZWMEAqMSVcMYwXD659J8NyzjRY/2aE+C2Q==
    dependencies:
      "@mapbox/node-pre-gyp" "^1.0.0"
      nan "^2.14.0"
      simple-get "^3.0.3"
  
  chalk@^4.1.0:
    version "4.1.2"
    resolved "https://registry.yarnpkg.com/chalk/-/chalk-4.1.2.tgz#aac4e2b7734a740867aeb16bf02aad556a1e7a01"
    integrity sha512-oKnbhFyRIXpUuez8iBMmyEa4nbj4IOQyuhc/wy9kY7/WVPcwIO9VA668Pu8RkO7+0G76SLROeyw9CpQ061i4mA==
    dependencies:
      ansi-styles "^4.1.0"
      supports-color "^7.1.0"
  
  chownr@^1.1.4:
    version "1.1.4"
    resolved "https://registry.yarnpkg.com/chownr/-/chownr-1.1.4.tgz#6fc9d7b42d32a583596337666e7d08084da2cc6b"
    integrity sha512-jJ0bqzaylmJtVnNgzTeSOs8DPavpbYgEr/b0YL8/2GO3xJEhInFmhKMUnEJQjZumK7KXGFhUy89PrsJWlakBVg==
  
  chownr@^2.0.0:
    version "2.0.0"
    resolved "https://registry.yarnpkg.com/chownr/-/chownr-2.0.0.tgz#15bfbe53d2eab4cf70f18a8cd68ebe5b3cb1dece"
    integrity sha512-bIomtDF5KGpdogkLd9VspvFzk9KfpyyGlS8YFVZl7TGPBHL5snIOnxeshwVgPteQ9b4Eydl+pVbIyE1DcvCWgQ==
  
  cliui@^7.0.2:
    version "7.0.4"
    resolved "https://registry.yarnpkg.com/cliui/-/cliui-7.0.4.tgz#a0265ee655476fc807aea9df3df8df7783808b4f"
    integrity sha512-OcRE68cOsVMXp1Yvonl/fzkQOyjLSu/8bhPDfQt0e0/Eb283TKP20Fs2MqoPsr9SwA595rRCA+QMzYc9nBP+JQ==
    dependencies:
      string-width "^4.2.0"
      strip-ansi "^6.0.0"
      wrap-ansi "^7.0.0"
  
  code-point-at@^1.0.0:
    version "1.1.0"
    resolved "https://registry.yarnpkg.com/code-point-at/-/code-point-at-1.1.0.tgz#0d070b4d043a5bea33a2f1a40e2edb3d9a4ccf77"
    integrity sha1-DQcLTQQ6W+ozovGkDi7bPZpMz3c=
  
  color-convert@^2.0.1:
    version "2.0.1"
    resolved "https://registry.yarnpkg.com/color-convert/-/color-convert-2.0.1.tgz#72d3a68d598c9bdb3af2ad1e84f21d896abd4de3"
    integrity sha512-RRECPsj7iu/xb5oKYcsFHSppFNnsj/52OVTRKb4zP5onXwVF3zVmmToNcOfGC+CRDpfK/U584fMg38ZHCaElKQ==
    dependencies:
      color-name "~1.1.4"
  
  color-name@~1.1.4:
    version "1.1.4"
    resolved "https://registry.yarnpkg.com/color-name/-/color-name-1.1.4.tgz#c2a09a87acbde69543de6f63fa3995c826c536a2"
    integrity sha512-dOy+3AuW3a2wNbZHIuMZpTcgjGuLU/uBL/ubcZF9OXbDo8ff4O8yVp5Bf0efS8uEoYo5q4Fx7dY9OgQGXgAsQA==
  
  color-support@^1.1.2:
    version "1.1.3"
    resolved "https://registry.yarnpkg.com/color-support/-/color-support-1.1.3.tgz#93834379a1cc9a0c61f82f52f0d04322251bd5a2"
    integrity sha512-qiBjkpbMLO/HL68y+lh4q0/O1MZFj2RX6X/KmMa3+gJD3z+WwI1ZzDHysvqHGS3mP6mznPckpXmw1nI9cJjyRg==
  
  combined-stream@^1.0.8:
    version "1.0.8"
    resolved "https://registry.yarnpkg.com/combined-stream/-/combined-stream-1.0.8.tgz#c3d45a8b34fd730631a110a8a2520682b31d5a7f"
    integrity sha512-FQN4MRfuJeHf7cBbBMJFXhKSDq+2kAArBlmRBvcvFE5BB1HZKXtSFASDhdlz9zOYwxh8lDdnvmMOe/+5cdoEdg==
    dependencies:
      delayed-stream "~1.0.0"
  
  concat-map@0.0.1:
    version "0.0.1"
    resolved "https://registry.yarnpkg.com/concat-map/-/concat-map-0.0.1.tgz#d8a96bd77fd68df7793a73036a3ba0d5405d477b"
    integrity sha1-2Klr13/Wjfd5OnMDajug1UBdR3s=
  
  console-control-strings@^1.0.0, console-control-strings@^1.1.0, console-control-strings@~1.1.0:
    version "1.1.0"
    resolved "https://registry.yarnpkg.com/console-control-strings/-/console-control-strings-1.1.0.tgz#3d7cf4464db6446ea644bf4b39507f9851008e8e"
    integrity sha1-PXz0Rk22RG6mRL9LOVB/mFEAjo4=
  
  core-js@3:
    version "3.19.2"
    resolved "https://registry.yarnpkg.com/core-js/-/core-js-3.19.2.tgz#ae216d7f4f7e924d9a2e3ff1e4b1940220f9157b"
    integrity sha512-ciYCResnLIATSsXuXnIOH4CbdfgV+H1Ltg16hJFN7/v6OxqnFr/IFGeLacaZ+fHLAm0TBbXwNK9/DNBzBUrO/g==
  
  core-util-is@~1.0.0:
    version "1.0.3"
    resolved "https://registry.yarnpkg.com/core-util-is/-/core-util-is-1.0.3.tgz#a6042d3634c2b27e9328f837b965fac83808db85"
    integrity sha512-ZQBvi1DcpJ4GDqanjucZ2Hj3wEO5pZDS89BWbkcrvdxksJorwUDDZamX9ldFkp9aw2lmBDLgkObEA4DWNJ9FYQ==
  
  debug@4:
    version "4.3.3"
    resolved "https://registry.yarnpkg.com/debug/-/debug-4.3.3.tgz#04266e0b70a98d4462e6e288e38259213332b664"
    integrity sha512-/zxw5+vh1Tfv+4Qn7a5nsbcJKPaSvCDhojn6FEl9vupwK2VCSDtEiEtqr8DFtzYFOdz63LBkxec7DYuc2jon6Q==
    dependencies:
      ms "2.1.2"
  
  debug@^3.1.0:
    version "3.2.7"
    resolved "https://registry.yarnpkg.com/debug/-/debug-3.2.7.tgz#72580b7e9145fb39b6676f9c5e5fb100b934179a"
    integrity sha512-CFjzYYAi4ThfiQvizrFQevTTXHtnCqWfe7x1AhgEscTz6ZbLbfoLRLPugTQyBth6f8ZERVUSyWHFD/7Wu4t1XQ==
    dependencies:
      ms "^2.1.1"
  
  decompress-response@^4.2.0:
    version "4.2.1"
    resolved "https://registry.yarnpkg.com/decompress-response/-/decompress-response-4.2.1.tgz#414023cc7a302da25ce2ec82d0d5238ccafd8986"
    integrity sha512-jOSne2qbyE+/r8G1VU+G/82LBs2Fs4LAsTiLSHOCOMZQl2OKZ6i8i4IyHemTe+/yIXOtTcRQMzPcgyhoFlqPkw==
    dependencies:
      mimic-response "^2.0.0"
  
  delayed-stream@~1.0.0:
    version "1.0.0"
    resolved "https://registry.yarnpkg.com/delayed-stream/-/delayed-stream-1.0.0.tgz#df3ae199acadfb7d440aaae0b29e2272b24ec619"
    integrity sha1-3zrhmayt+31ECqrgsp4icrJOxhk=
  
  delegates@^1.0.0:
    version "1.0.0"
    resolved "https://registry.yarnpkg.com/delegates/-/delegates-1.0.0.tgz#84c6e159b81904fdca59a0ef44cd870d31250f9a"
    integrity sha1-hMbhWbgZBP3KWaDvRM2HDTElD5o=
  
  detect-libc@^1.0.3:
    version "1.0.3"
    resolved "https://registry.yarnpkg.com/detect-libc/-/detect-libc-1.0.3.tgz#fa137c4bd698edf55cd5cd02ac559f91a4c4ba9b"
    integrity sha1-+hN8S9aY7fVc1c0CrFWfkaTEups=
  
  dom-walk@^0.1.0:
    version "0.1.2"
    resolved "https://registry.yarnpkg.com/dom-walk/-/dom-walk-0.1.2.tgz#0c548bef048f4d1f2a97249002236060daa3fd84"
    integrity sha512-6QvTW9mrGeIegrFXdtQi9pk7O/nSK6lSdXW2eqUspN5LWD7UTji2Fqw5V2YLjBpHEoU9Xl/eUWNpDeZvoyOv2w==
  
  emoji-regex@^8.0.0:
    version "8.0.0"
    resolved "https://registry.yarnpkg.com/emoji-regex/-/emoji-regex-8.0.0.tgz#e818fd69ce5ccfcb404594f842963bf53164cc37"
    integrity sha512-MSjYzcWNOA0ewAHpz0MxpYFvwg6yjy1NG3xteoqz644VCo/RPgnr1/GGt+ic3iJTzQ8Eu3TdM14SawnVUmGE6A==
  
  es6-promise@^4.0.3:
    version "4.2.8"
    resolved "https://registry.yarnpkg.com/es6-promise/-/es6-promise-4.2.8.tgz#4eb21594c972bc40553d276e510539143db53e0a"
    integrity sha512-HJDGx5daxeIvxdBxvG2cb9g4tEvwIk3i8+nhX0yGrYmZUzbkdg8QbDevheDB8gd0//uPj4c1EQua8Q+MViT0/w==
  
  es6-promisify@^5.0.0:
    version "5.0.0"
    resolved "https://registry.yarnpkg.com/es6-promisify/-/es6-promisify-5.0.0.tgz#5109d62f3e56ea967c4b63505aef08291c8a5203"
    integrity sha1-UQnWLz5W6pZ8S2NQWu8IKRyKUgM=
    dependencies:
      es6-promise "^4.0.3"
  
  escalade@^3.1.1:
    version "3.1.1"
    resolved "https://registry.yarnpkg.com/escalade/-/escalade-3.1.1.tgz#d8cfdc7000965c5a0174b4a82eaa5c0552742e40"
    integrity sha512-k0er2gUkLf8O0zKJiAhmkTnJlTvINGv7ygDNPbeIsX/TJjGJZHuh9B2UxbsaEkmlEo9MfhrSzmhIlhRlI2GXnw==
  
  exif-parser@^0.1.12:
    version "0.1.12"
    resolved "https://registry.yarnpkg.com/exif-parser/-/exif-parser-0.1.12.tgz#58a9d2d72c02c1f6f02a0ef4a9166272b7760922"
    integrity sha1-WKnS1ywCwfbwKg70qRZicrd2CSI=
  
  file-type@^9.0.0:
    version "9.0.0"
    resolved "https://registry.yarnpkg.com/file-type/-/file-type-9.0.0.tgz#a68d5ad07f486414dfb2c8866f73161946714a18"
    integrity sha512-Qe/5NJrgIOlwijpq3B7BEpzPFcgzggOTagZmkXQY4LA6bsXKTUstK7Wp12lEJ/mLKTpvIZxmIuRcLYWT6ov9lw==
  
  form-data@^3.0.0:
    version "3.0.1"
    resolved "https://registry.yarnpkg.com/form-data/-/form-data-3.0.1.tgz#ebd53791b78356a99af9a300d4282c4d5eb9755f"
    integrity sha512-RHkBKtLWUVwd7SqRIvCZMEvAMoGUp0XU+seQiZejj0COz3RI3hWP4sCv3gZWWLjJTd7rGwcsF5eKZGii0r/hbg==
    dependencies:
      asynckit "^0.4.0"
      combined-stream "^1.0.8"
      mime-types "^2.1.12"
  
  fs-minipass@^1.2.7:
    version "1.2.7"
    resolved "https://registry.yarnpkg.com/fs-minipass/-/fs-minipass-1.2.7.tgz#ccff8570841e7fe4265693da88936c55aed7f7c7"
    integrity sha512-GWSSJGFy4e9GUeCcbIkED+bgAoFyj7XF1mV8rma3QW4NIqX9Kyx79N/PF61H5udOV3aY1IaMLs6pGbH71nlCTA==
    dependencies:
      minipass "^2.6.0"
  
  fs-minipass@^2.0.0:
    version "2.1.0"
    resolved "https://registry.yarnpkg.com/fs-minipass/-/fs-minipass-2.1.0.tgz#7f5036fdbf12c63c169190cbe4199c852271f9fb"
    integrity sha512-V/JgOLFCS+R6Vcq0slCuaeWEdNC3ouDlJMNIsacH2VtALiu9mV4LPrHc5cDl8k5aw6J8jwgWWpiTo5RYhmIzvg==
    dependencies:
      minipass "^3.0.0"
  
  fs.realpath@^1.0.0:
    version "1.0.0"
    resolved "https://registry.yarnpkg.com/fs.realpath/-/fs.realpath-1.0.0.tgz#1504ad2523158caa40db4a2787cb01411994ea4f"
    integrity sha1-FQStJSMVjKpA20onh8sBQRmU6k8=
  
  gauge@^4.0.0:
    version "4.0.0"
    resolved "https://registry.yarnpkg.com/gauge/-/gauge-4.0.0.tgz#afba07aa0374a93c6219603b1fb83eaa2264d8f8"
    integrity sha512-F8sU45yQpjQjxKkm1UOAhf0U/O0aFt//Fl7hsrNVto+patMHjs7dPI9mFOGUKbhrgKm0S3EjW3scMFuQmWSROw==
    dependencies:
      ansi-regex "^5.0.1"
      aproba "^1.0.3 || ^2.0.0"
      color-support "^1.1.2"
      console-control-strings "^1.0.0"
      has-unicode "^2.0.1"
      signal-exit "^3.0.0"
      string-width "^4.2.3"
      strip-ansi "^6.0.1"
      wide-align "^1.1.2"
  
  gauge@~2.7.3:
    version "2.7.4"
    resolved "https://registry.yarnpkg.com/gauge/-/gauge-2.7.4.tgz#2c03405c7538c39d7eb37b317022e325fb018bf7"
    integrity sha1-LANAXHU4w51+s3sxcCLjJfsBi/c=
    dependencies:
      aproba "^1.0.3"
      console-control-strings "^1.0.0"
      has-unicode "^2.0.0"
      object-assign "^4.1.0"
      signal-exit "^3.0.0"
      string-width "^1.0.1"
      strip-ansi "^3.0.1"
      wide-align "^1.1.0"
  
  get-caller-file@^2.0.5:
    version "2.0.5"
    resolved "https://registry.yarnpkg.com/get-caller-file/-/get-caller-file-2.0.5.tgz#4f94412a82db32f36e3b0b9741f8a97feb031f7e"
    integrity sha512-DyFP3BM/3YHTQOCUL/w0OZHR0lpKeGrxotcHWcqNEdnltqFwXVfhEBQ94eIo34AfQpo0rGki4cyIiftY06h2Fg==
  
  gifwrap@^0.9.2:
    version "0.9.2"
    resolved "https://registry.yarnpkg.com/gifwrap/-/gifwrap-0.9.2.tgz#348e286e67d7cf57942172e1e6f05a71cee78489"
    integrity sha512-fcIswrPaiCDAyO8xnWvHSZdWChjKXUanKKpAiWWJ/UTkEi/aYKn5+90e7DE820zbEaVR9CE2y4z9bzhQijZ0BA==
    dependencies:
      image-q "^1.1.1"
      omggif "^1.0.10"
  
  glob@^7.1.3:
    version "7.2.0"
    resolved "https://registry.yarnpkg.com/glob/-/glob-7.2.0.tgz#d15535af7732e02e948f4c41628bd910293f6023"
    integrity sha512-lmLf6gtyrPq8tTjSmrO94wBeQbFR3HbLHbuyD69wuyQkImp2hWqMGB47OX65FBkPffO641IP9jWa1z4ivqG26Q==
    dependencies:
      fs.realpath "^1.0.0"
      inflight "^1.0.4"
      inherits "2"
      minimatch "^3.0.4"
      once "^1.3.0"
      path-is-absolute "^1.0.0"
  
  global@~4.4.0:
    version "4.4.0"
    resolved "https://registry.yarnpkg.com/global/-/global-4.4.0.tgz#3e7b105179006a323ed71aafca3e9c57a5cc6406"
    integrity sha512-wv/LAoHdRE3BeTGz53FAamhGlPLhlssK45usmGFThIi4XqnBmjKQ16u+RNbP7WvigRZDxUsM0J3gcQ5yicaL0w==
    dependencies:
      min-document "^2.19.0"
      process "^0.11.10"
  
  google-protobuf@^3.9.2:
    version "3.19.1"
    resolved "https://registry.yarnpkg.com/google-protobuf/-/google-protobuf-3.19.1.tgz#5af5390e8206c446d8f49febaffd4b7f4ac28f41"
    integrity sha512-Isv1RlNC+IzZzilcxnlVSf+JvuhxmY7DaxYCBy+zPS9XVuJRtlTTIXR9hnZ1YL1MMusJn/7eSy2swCzZIomQSg==
  
  has-flag@^4.0.0:
    version "4.0.0"
    resolved "https://registry.yarnpkg.com/has-flag/-/has-flag-4.0.0.tgz#944771fd9c81c81265c4d6941860da06bb59479b"
    integrity sha512-EykJT/Q1KjTWctppgIAgfSO0tKVuZUjhgMr17kqTumMl6Afv3EISleU7qZUzoXDFTAHTDC4NOoG/ZxU3EvlMPQ==
  
  has-unicode@^2.0.0, has-unicode@^2.0.1:
    version "2.0.1"
    resolved "https://registry.yarnpkg.com/has-unicode/-/has-unicode-2.0.1.tgz#e0e6fe6a28cf51138855e086d1691e771de2a8b9"
    integrity sha1-4Ob+aijPUROIVeCG0Wkedx3iqLk=
  
  https-proxy-agent@^2.2.1:
    version "2.2.4"
    resolved "https://registry.yarnpkg.com/https-proxy-agent/-/https-proxy-agent-2.2.4.tgz#4ee7a737abd92678a293d9b34a1af4d0d08c787b"
    integrity sha512-OmvfoQ53WLjtA9HeYP9RNrWMJzzAz1JGaSFr1nijg0PVR1JaD/xbJq1mdEIIlxGpXp9eSe/O2LgU9DJmTPd0Eg==
    dependencies:
      agent-base "^4.3.0"
      debug "^3.1.0"
  
  https-proxy-agent@^5.0.0:
    version "5.0.0"
    resolved "https://registry.yarnpkg.com/https-proxy-agent/-/https-proxy-agent-5.0.0.tgz#e2a90542abb68a762e0a0850f6c9edadfd8506b2"
    integrity sha512-EkYm5BcKUGiduxzSt3Eppko+PiNWNEpa4ySk9vTC6wDsQJW9rHSa+UhGNJoRYp7bz6Ht1eaRIa6QaJqO5rCFbA==
    dependencies:
      agent-base "6"
      debug "4"
  
  ieee754@^1.1.13:
    version "1.2.1"
    resolved "https://registry.yarnpkg.com/ieee754/-/ieee754-1.2.1.tgz#8eb7a10a63fff25d15a57b001586d177d1b0d352"
    integrity sha512-dcyqhDvX1C46lXZcVqCpK+FtMRQVdIMN6/Df5js2zouUsqG7I6sFxitIC+7KYK29KdXOLHdu9zL4sFnoVQnqaA==
  
  image-q@^1.1.1:
    version "1.1.1"
    resolved "https://registry.yarnpkg.com/image-q/-/image-q-1.1.1.tgz#fc84099664460b90ca862d9300b6bfbbbfbf8056"
    integrity sha1-/IQJlmRGC5DKhi2TALa/u7+/gFY=
  
  inflight@^1.0.4:
    version "1.0.6"
    resolved "https://registry.yarnpkg.com/inflight/-/inflight-1.0.6.tgz#49bd6331d7d02d0c09bc910a1075ba8165b56df9"
    integrity sha1-Sb1jMdfQLQwJvJEKEHW6gWW1bfk=
    dependencies:
      once "^1.3.0"
      wrappy "1"
  
  inherits@2, inherits@^2.0.3, inherits@~2.0.3:
    version "2.0.4"
    resolved "https://registry.yarnpkg.com/inherits/-/inherits-2.0.4.tgz#0fa2c64f932917c3433a0ded55363aae37416b7c"
    integrity sha512-k/vGaX4/Yla3WzyMCvTQOXYeIHvqOKtnqBduzTHpzpQZzAskKMhZ2K+EnBiSM9zGSoIFeMpXKxa4dYeZIQqewQ==
  
  is-fullwidth-code-point@^1.0.0:
    version "1.0.0"
    resolved "https://registry.yarnpkg.com/is-fullwidth-code-point/-/is-fullwidth-code-point-1.0.0.tgz#ef9e31386f031a7f0d643af82fde50c457ef00cb"
    integrity sha1-754xOG8DGn8NZDr4L95QxFfvAMs=
    dependencies:
      number-is-nan "^1.0.0"
  
  is-fullwidth-code-point@^3.0.0:
    version "3.0.0"
    resolved "https://registry.yarnpkg.com/is-fullwidth-code-point/-/is-fullwidth-code-point-3.0.0.tgz#f116f8064fe90b3f7844a38997c0b75051269f1d"
    integrity sha512-zymm5+u+sCsSWyD9qNaejV3DFvhCKclKdizYaJUuHA83RLjb7nSuGnddCHGv0hk+KY7BMAlsWeK4Ueg6EV6XQg==
  
  is-function@^1.0.1:
    version "1.0.2"
    resolved "https://registry.yarnpkg.com/is-function/-/is-function-1.0.2.tgz#4f097f30abf6efadac9833b17ca5dc03f8144e08"
    integrity sha512-lw7DUp0aWXYg+CBCN+JKkcE0Q2RayZnSvnZBlwgxHBQhqt5pZNVy4Ri7H9GmmXkdu7LUthszM+Tor1u/2iBcpQ==
  
  isarray@~1.0.0:
    version "1.0.0"
    resolved "https://registry.yarnpkg.com/isarray/-/isarray-1.0.0.tgz#bb935d48582cba168c06834957a54a3e07124f11"
    integrity sha1-u5NdSFgsuhaMBoNJV6VKPgcSTxE=
  
  jimp@^0.16.1:
    version "0.16.1"
    resolved "https://registry.yarnpkg.com/jimp/-/jimp-0.16.1.tgz#192f851a30e5ca11112a3d0aa53137659a78ca7a"
    integrity sha512-+EKVxbR36Td7Hfd23wKGIeEyHbxShZDX6L8uJkgVW3ESA9GiTEPK08tG1XI2r/0w5Ch0HyJF5kPqF9K7EmGjaw==
    dependencies:
      "@babel/runtime" "^7.7.2"
      "@jimp/custom" "^0.16.1"
      "@jimp/plugins" "^0.16.1"
      "@jimp/types" "^0.16.1"
      regenerator-runtime "^0.13.3"
  
  jpeg-js@0.4.2:
    version "0.4.2"
    resolved "https://registry.yarnpkg.com/jpeg-js/-/jpeg-js-0.4.2.tgz#8b345b1ae4abde64c2da2fe67ea216a114ac279d"
    integrity sha512-+az2gi/hvex7eLTMTlbRLOhH6P6WFdk2ITI8HJsaH2VqYO0I594zXSYEP+tf4FW+8Cy68ScDXoAsQdyQanv3sw==
  
  load-bmfont@^1.3.1, load-bmfont@^1.4.0:
    version "1.4.1"
    resolved "https://registry.yarnpkg.com/load-bmfont/-/load-bmfont-1.4.1.tgz#c0f5f4711a1e2ccff725a7b6078087ccfcddd3e9"
    integrity sha512-8UyQoYmdRDy81Brz6aLAUhfZLwr5zV0L3taTQ4hju7m6biuwiWiJXjPhBJxbUQJA8PrkvJ/7Enqmwk2sM14soA==
    dependencies:
      buffer-equal "0.0.1"
      mime "^1.3.4"
      parse-bmfont-ascii "^1.0.3"
      parse-bmfont-binary "^1.0.5"
      parse-bmfont-xml "^1.1.4"
      phin "^2.9.1"
      xhr "^2.0.1"
      xtend "^4.0.0"
  
  long@4.0.0:
    version "4.0.0"
    resolved "https://registry.yarnpkg.com/long/-/long-4.0.0.tgz#9a7b71cfb7d361a194ea555241c92f7468d5bf28"
    integrity sha512-XsP+KhQif4bjX1kbuSiySJFNAehNxgLb6hPRGJ9QsUr8ajHkuXGdrHmFUTUUXhDwVX2R5bY4JNZEwbUiMhV+MA==
  
  lru-cache@^6.0.0:
    version "6.0.0"
    resolved "https://registry.yarnpkg.com/lru-cache/-/lru-cache-6.0.0.tgz#6d6fe6570ebd96aaf90fcad1dafa3b2566db3a94"
    integrity sha512-Jo6dJ04CmSjuznwJSS3pUeWmd/H0ffTlkXXgwZi+eq1UCmqQwCh+eLsYOYCwY991i2Fah4h1BEMCx4qThGbsiA==
    dependencies:
      yallist "^4.0.0"
  
  make-dir@^3.1.0:
    version "3.1.0"
    resolved "https://registry.yarnpkg.com/make-dir/-/make-dir-3.1.0.tgz#415e967046b3a7f1d185277d84aa58203726a13f"
    integrity sha512-g3FeP20LNwhALb/6Cz6Dd4F2ngze0jz7tbzrD2wAV+o9FeNHe4rL+yK2md0J/fiSf1sa1ADhXqi5+oVwOM/eGw==
    dependencies:
      semver "^6.0.0"
  
  mime-db@1.51.0:
    version "1.51.0"
    resolved "https://registry.yarnpkg.com/mime-db/-/mime-db-1.51.0.tgz#d9ff62451859b18342d960850dc3cfb77e63fb0c"
    integrity sha512-5y8A56jg7XVQx2mbv1lu49NR4dokRnhZYTtL+KGfaa27uq4pSTXkwQkFJl4pkRMyNFz/EtYDSkiiEHx3F7UN6g==
  
  mime-types@^2.1.12:
    version "2.1.34"
    resolved "https://registry.yarnpkg.com/mime-types/-/mime-types-2.1.34.tgz#5a712f9ec1503511a945803640fafe09d3793c24"
    integrity sha512-6cP692WwGIs9XXdOO4++N+7qjqv0rqxxVvJ3VHPh/Sc9mVZcQP+ZGhkKiTvWMQRr2tbHkJP/Yn7Y0npb3ZBs4A==
    dependencies:
      mime-db "1.51.0"
  
  mime@^1.3.4:
    version "1.6.0"
    resolved "https://registry.yarnpkg.com/mime/-/mime-1.6.0.tgz#32cd9e5c64553bd58d19a568af452acff04981b1"
    integrity sha512-x0Vn8spI+wuJ1O6S7gnbaQg8Pxh4NNHb7KSINmEWKiPE4RKOplvijn+NkmYmmRgP68mc70j2EbeTFRsrswaQeg==
  
  mimic-response@^2.0.0:
    version "2.1.0"
    resolved "https://registry.yarnpkg.com/mimic-response/-/mimic-response-2.1.0.tgz#d13763d35f613d09ec37ebb30bac0469c0ee8f43"
    integrity sha512-wXqjST+SLt7R009ySCglWBCFpjUygmCIfD790/kVbiGmUgfYGuB14PiTd5DwVxSV4NcYHjzMkoj5LjQZwTQLEA==
  
  min-document@^2.19.0:
    version "2.19.0"
    resolved "https://registry.yarnpkg.com/min-document/-/min-document-2.19.0.tgz#7bd282e3f5842ed295bb748cdd9f1ffa2c824685"
    integrity sha1-e9KC4/WELtKVu3SM3Z8f+iyCRoU=
    dependencies:
      dom-walk "^0.1.0"
  
  minimatch@^3.0.4:
    version "3.0.4"
    resolved "https://registry.yarnpkg.com/minimatch/-/minimatch-3.0.4.tgz#5166e286457f03306064be5497e8dbb0c3d32083"
    integrity sha512-yJHVQEhyqPLUTgt9B83PXu6W3rx4MvvHvSUvToogpwoGDOUQ+yDrR0HRot+yOCdCO7u4hX3pWft6kWBBcqh0UA==
    dependencies:
      brace-expansion "^1.1.7"
  
  minimist@^1.2.5:
    version "1.2.5"
    resolved "https://registry.yarnpkg.com/minimist/-/minimist-1.2.5.tgz#67d66014b66a6a8aaa0c083c5fd58df4e4e97602"
    integrity sha512-FM9nNUYrRBAELZQT3xeZQ7fmMOBg6nWNmJKTcgsJeaLstP/UODVpGsr5OhXhhXg6f+qtJ8uiZ+PUxkDWcgIXLw==
  
  minipass@^2.6.0, minipass@^2.9.0:
    version "2.9.0"
    resolved "https://registry.yarnpkg.com/minipass/-/minipass-2.9.0.tgz#e713762e7d3e32fed803115cf93e04bca9fcc9a6"
    integrity sha512-wxfUjg9WebH+CUDX/CdbRlh5SmfZiy/hpkxaRI16Y9W56Pa75sWgd/rvFilSgrauD9NyFymP/+JFV3KwzIsJeg==
    dependencies:
      safe-buffer "^5.1.2"
      yallist "^3.0.0"
  
  minipass@^3.0.0:
    version "3.1.5"
    resolved "https://registry.yarnpkg.com/minipass/-/minipass-3.1.5.tgz#71f6251b0a33a49c01b3cf97ff77eda030dff732"
    integrity sha512-+8NzxD82XQoNKNrl1d/FSi+X8wAEWR+sbYAfIvub4Nz0d22plFG72CEVVaufV8PNf4qSslFTD8VMOxNVhHCjTw==
    dependencies:
      yallist "^4.0.0"
  
  minizlib@^1.3.3:
    version "1.3.3"
    resolved "https://registry.yarnpkg.com/minizlib/-/minizlib-1.3.3.tgz#2290de96818a34c29551c8a8d301216bd65a861d"
    integrity sha512-6ZYMOEnmVsdCeTJVE0W9ZD+pVnE8h9Hma/iOwwRDsdQoePpoX56/8B6z3P9VNwppJuBKNRuFDRNRqRWexT9G9Q==
    dependencies:
      minipass "^2.9.0"
  
  minizlib@^2.1.1:
    version "2.1.2"
    resolved "https://registry.yarnpkg.com/minizlib/-/minizlib-2.1.2.tgz#e90d3466ba209b932451508a11ce3d3632145931"
    integrity sha512-bAxsR8BVfj60DWXHE3u30oHzfl4G7khkSuPW+qvpd7jFRHm7dLxOjUk1EHACJ/hxLY8phGJ0YhYHZo7jil7Qdg==
    dependencies:
      minipass "^3.0.0"
      yallist "^4.0.0"
  
  mkdirp@^0.5.1, mkdirp@^0.5.5:
    version "0.5.5"
    resolved "https://registry.yarnpkg.com/mkdirp/-/mkdirp-0.5.5.tgz#d91cefd62d1436ca0f41620e251288d420099def"
    integrity sha512-NKmAlESf6jMGym1++R0Ra7wvhV+wFW63FaSOFPwRahvea0gMUcGUhVeAg/0BC0wiv9ih5NYPB1Wn1UEI1/L+xQ==
    dependencies:
      minimist "^1.2.5"
  
  mkdirp@^1.0.3:
    version "1.0.4"
    resolved "https://registry.yarnpkg.com/mkdirp/-/mkdirp-1.0.4.tgz#3eb5ed62622756d79a5f0e2a221dfebad75c2f7e"
    integrity sha512-vVqVZQyf3WLx2Shd0qJ9xuvqgAyKPLAiqITEtqW0oIUjzo3PePDd6fW9iFz30ef7Ysp/oiWqbhszeGWW2T6Gzw==
  
  ms@2.1.2:
    version "2.1.2"
    resolved "https://registry.yarnpkg.com/ms/-/ms-2.1.2.tgz#d09d1f357b443f493382a8eb3ccd183872ae6009"
    integrity sha512-sGkPx+VjMtmA6MX27oA4FBFELFCZZ4S4XqeGOXCv68tT+jb3vk/RyaKWP0PTKyWtmLSM0b+adUTEvbs1PEaH2w==
  
  ms@^2.1.1:
    version "2.1.3"
    resolved "https://registry.yarnpkg.com/ms/-/ms-2.1.3.tgz#574c8138ce1d2b5861f0b44579dbadd60c6615b2"
    integrity sha512-6FlzubTLZG3J2a/NVCAleEhjzq5oxgHyaCU9yYXvcLsvoVaHJq/s5xXI6/XXP6tz7R9xAOtHnSO/tXtF3WRTlA==
  
  nan@^2.14.0:
    version "2.15.0"
    resolved "https://registry.yarnpkg.com/nan/-/nan-2.15.0.tgz#3f34a473ff18e15c1b5626b62903b5ad6e665fee"
    integrity sha512-8ZtvEnA2c5aYCZYd1cvgdnU6cqwixRoYg70xPLWUws5ORTa/lnw+u4amixRS/Ac5U5mQVgp9pnlSUnbNWFaWZQ==
  
  node-fetch@^2.6.1, node-fetch@^2.6.5, node-fetch@~2.6.1:
    version "2.6.6"
    resolved "https://registry.yarnpkg.com/node-fetch/-/node-fetch-2.6.6.tgz#1751a7c01834e8e1697758732e9efb6eeadfaf89"
    integrity sha512-Z8/6vRlTUChSdIgMa51jxQ4lrw/Jy5SOW10ObaA47/RElsAN2c5Pn8bTgFGWn/ibwzXTE8qwr1Yzx28vsecXEA==
    dependencies:
      whatwg-url "^5.0.0"
  
  nopt@^5.0.0:
    version "5.0.0"
    resolved "https://registry.yarnpkg.com/nopt/-/nopt-5.0.0.tgz#530942bb58a512fccafe53fe210f13a25355dc88"
    integrity sha512-Tbj67rffqceeLpcRXrT7vKAN8CwfPeIBgM7E6iBkmKLV7bEMwpGgYLGv0jACUsECaa/vuxP0IjEont6umdMgtQ==
    dependencies:
      abbrev "1"
  
  npmlog@^4.1.2:
    version "4.1.2"
    resolved "https://registry.yarnpkg.com/npmlog/-/npmlog-4.1.2.tgz#08a7f2a8bf734604779a9efa4ad5cc717abb954b"
    integrity sha512-2uUqazuKlTaSI/dC8AzicUck7+IrEaOnN/e0jd3Xtt1KcGpwx30v50mL7oPyr/h9bL3E4aZccVwpwP+5W9Vjkg==
    dependencies:
      are-we-there-yet "~1.1.2"
      console-control-strings "~1.1.0"
      gauge "~2.7.3"
      set-blocking "~2.0.0"
  
  npmlog@^6.0.0:
    version "6.0.0"
    resolved "https://registry.yarnpkg.com/npmlog/-/npmlog-6.0.0.tgz#ba9ef39413c3d936ea91553db7be49c34ad0520c"
    integrity sha512-03ppFRGlsyUaQFbGC2C8QWJN/C/K7PsfyD9aQdhVKAQIH4sQBc8WASqFBP7O+Ut4d2oo5LoeoboB3cGdBZSp6Q==
    dependencies:
      are-we-there-yet "^2.0.0"
      console-control-strings "^1.1.0"
      gauge "^4.0.0"
      set-blocking "^2.0.0"
  
  number-is-nan@^1.0.0:
    version "1.0.1"
    resolved "https://registry.yarnpkg.com/number-is-nan/-/number-is-nan-1.0.1.tgz#097b602b53422a522c1afb8790318336941a011d"
    integrity sha1-CXtgK1NCKlIsGvuHkDGDNpQaAR0=
  
  object-assign@^4.1.0:
    version "4.1.1"
    resolved "https://registry.yarnpkg.com/object-assign/-/object-assign-4.1.1.tgz#2109adc7965887cfc05cbbd442cac8bfbb360863"
    integrity sha1-IQmtx5ZYh8/AXLvUQsrIv7s2CGM=
  
  omggif@^1.0.10, omggif@^1.0.9:
    version "1.0.10"
    resolved "https://registry.yarnpkg.com/omggif/-/omggif-1.0.10.tgz#ddaaf90d4a42f532e9e7cb3a95ecdd47f17c7b19"
    integrity sha512-LMJTtvgc/nugXj0Vcrrs68Mn2D1r0zf630VNtqtpI1FEO7e+O9FP4gqs9AcnBaSEeoHIPm28u6qgPR0oyEpGSw==
  
  once@^1.3.0, once@^1.3.1:
    version "1.4.0"
    resolved "https://registry.yarnpkg.com/once/-/once-1.4.0.tgz#583b1aa775961d4b113ac17d9c50baef9dd76bd1"
    integrity sha1-WDsap3WWHUsROsF9nFC6753Xa9E=
    dependencies:
      wrappy "1"
  
  pako@^1.0.5:
    version "1.0.11"
    resolved "https://registry.yarnpkg.com/pako/-/pako-1.0.11.tgz#6c9599d340d54dfd3946380252a35705a6b992bf"
    integrity sha512-4hLB8Py4zZce5s4yd9XzopqwVv/yGNhV1Bl8NTmCq1763HeK2+EwVTv+leGeL13Dnh2wfbqowVPXCIO0z4taYw==
  
  parse-bmfont-ascii@^1.0.3:
    version "1.0.6"
    resolved "https://registry.yarnpkg.com/parse-bmfont-ascii/-/parse-bmfont-ascii-1.0.6.tgz#11ac3c3ff58f7c2020ab22769079108d4dfa0285"
    integrity sha1-Eaw8P/WPfCAgqyJ2kHkQjU36AoU=
  
  parse-bmfont-binary@^1.0.5:
    version "1.0.6"
    resolved "https://registry.yarnpkg.com/parse-bmfont-binary/-/parse-bmfont-binary-1.0.6.tgz#d038b476d3e9dd9db1e11a0b0e53a22792b69006"
    integrity sha1-0Di0dtPp3Z2x4RoLDlOiJ5K2kAY=
  
  parse-bmfont-xml@^1.1.4:
    version "1.1.4"
    resolved "https://registry.yarnpkg.com/parse-bmfont-xml/-/parse-bmfont-xml-1.1.4.tgz#015319797e3e12f9e739c4d513872cd2fa35f389"
    integrity sha512-bjnliEOmGv3y1aMEfREMBJ9tfL3WR0i0CKPj61DnSLaoxWR3nLrsQrEbCId/8rF4NyRF0cCqisSVXyQYWM+mCQ==
    dependencies:
      xml-parse-from-string "^1.0.0"
      xml2js "^0.4.5"
  
  parse-headers@^2.0.0:
    version "2.0.4"
    resolved "https://registry.yarnpkg.com/parse-headers/-/parse-headers-2.0.4.tgz#9eaf2d02bed2d1eff494331ce3df36d7924760bf"
    integrity sha512-psZ9iZoCNFLrgRjZ1d8mn0h9WRqJwFxM9q3x7iUjN/YT2OksthDJ5TiPCu2F38kS4zutqfW+YdVVkBZZx3/1aw==
  
  path-is-absolute@^1.0.0:
    version "1.0.1"
    resolved "https://registry.yarnpkg.com/path-is-absolute/-/path-is-absolute-1.0.1.tgz#174b9268735534ffbc7ace6bf53a5a9e1b5c5f5f"
    integrity sha1-F0uSaHNVNP+8es5r9TpanhtcX18=
  
  phin@^2.9.1:
    version "2.9.3"
    resolved "https://registry.yarnpkg.com/phin/-/phin-2.9.3.tgz#f9b6ac10a035636fb65dfc576aaaa17b8743125c"
    integrity sha512-CzFr90qM24ju5f88quFC/6qohjC144rehe5n6DH900lgXmUe86+xCKc10ev56gRKC4/BkHUoG4uSiQgBiIXwDA==
  
  pixelmatch@^4.0.2:
    version "4.0.2"
    resolved "https://registry.yarnpkg.com/pixelmatch/-/pixelmatch-4.0.2.tgz#8f47dcec5011b477b67db03c243bc1f3085e8854"
    integrity sha1-j0fc7FARtHe2fbA8JDvB8wheiFQ=
    dependencies:
      pngjs "^3.0.0"
  
  pngjs@^3.0.0, pngjs@^3.3.3:
    version "3.4.0"
    resolved "https://registry.yarnpkg.com/pngjs/-/pngjs-3.4.0.tgz#99ca7d725965fb655814eaf65f38f12bbdbf555f"
    integrity sha512-NCrCHhWmnQklfH4MtJMRjZ2a8c80qXeMlQMv2uVp9ISJMTt562SbGd6n2oq0PaPgKm7Z6pL9E2UlLIhC+SHL3w==
  
  process-nextick-args@~2.0.0:
    version "2.0.1"
    resolved "https://registry.yarnpkg.com/process-nextick-args/-/process-nextick-args-2.0.1.tgz#7820d9b16120cc55ca9ae7792680ae7dba6d7fe2"
    integrity sha512-3ouUOpQhtgrbOa17J7+uxOTpITYWaGP7/AhoR3+A+/1e9skrzelGi/dXzEYyvbxubEF6Wn2ypscTKiKJFFn1ag==
  
  process@^0.11.10:
    version "0.11.10"
    resolved "https://registry.yarnpkg.com/process/-/process-0.11.10.tgz#7332300e840161bda3e69a1d1d91a7d4bc16f182"
    integrity sha1-czIwDoQBYb2j5podHZGn1LwW8YI=
  
  progress@^2.0.0:
    version "2.0.3"
    resolved "https://registry.yarnpkg.com/progress/-/progress-2.0.3.tgz#7e8cf8d8f5b8f239c1bc68beb4eb78567d572ef8"
    integrity sha512-7PiHtLll5LdnKIMw100I+8xJXR5gW2QwWYkT6iJva0bXitZKa/XMrSbdmg3r2Xnaidz9Qumd0VPaMrZlF9V9sA==
  
  readable-stream@^2.0.6:
    version "2.3.7"
    resolved "https://registry.yarnpkg.com/readable-stream/-/readable-stream-2.3.7.tgz#1eca1cf711aef814c04f62252a36a62f6cb23b57"
    integrity sha512-Ebho8K4jIbHAxnuxi7o42OrZgF/ZTNcsZj6nRKyUmkhLFq8CHItp/fy6hQZuZmP/n3yZ9VBUbp4zz/mX8hmYPw==
    dependencies:
      core-util-is "~1.0.0"
      inherits "~2.0.3"
      isarray "~1.0.0"
      process-nextick-args "~2.0.0"
      safe-buffer "~5.1.1"
      string_decoder "~1.1.1"
      util-deprecate "~1.0.1"
  
  readable-stream@^3.6.0:
    version "3.6.0"
    resolved "https://registry.yarnpkg.com/readable-stream/-/readable-stream-3.6.0.tgz#337bbda3adc0706bd3e024426a286d4b4b2c9198"
    integrity sha512-BViHy7LKeTz4oNnkcLJ+lVSL6vpiFeX6/d3oSH8zCW7UxP2onchk+vTGB143xuFjHS3deTgkKoXXymXqymiIdA==
    dependencies:
      inherits "^2.0.3"
      string_decoder "^1.1.1"
      util-deprecate "^1.0.1"
  
  regenerator-runtime@^0.13.3, regenerator-runtime@^0.13.4, regenerator-runtime@^0.13.5:
    version "0.13.9"
    resolved "https://registry.yarnpkg.com/regenerator-runtime/-/regenerator-runtime-0.13.9.tgz#8925742a98ffd90814988d7566ad30ca3b263b52"
    integrity sha512-p3VT+cOEgxFsRRA9X4lkI1E+k2/CtnKtU4gcxyaCUreilL/vqI6CdZ3wxVUx3UOUg+gnUOQQcRI7BmSI656MYA==
  
  require-directory@^2.1.1:
    version "2.1.1"
    resolved "https://registry.yarnpkg.com/require-directory/-/require-directory-2.1.1.tgz#8c64ad5fd30dab1c976e2344ffe7f792a6a6df42"
    integrity sha1-jGStX9MNqxyXbiNE/+f3kqam30I=
  
  rimraf@^2.6.2:
    version "2.7.1"
    resolved "https://registry.yarnpkg.com/rimraf/-/rimraf-2.7.1.tgz#35797f13a7fdadc566142c29d4f07ccad483e3ec"
    integrity sha512-uWjbaKIK3T1OSVptzX7Nl6PvQ3qAGtKEtVRjRuazjfL3Bx5eI409VZSqgND+4UNnmzLVdPj9FqFJNPqBZFve4w==
    dependencies:
      glob "^7.1.3"
  
  rimraf@^3.0.2:
    version "3.0.2"
    resolved "https://registry.yarnpkg.com/rimraf/-/rimraf-3.0.2.tgz#f1a5402ba6220ad52cc1282bac1ae3aa49fd061a"
    integrity sha512-JZkJMZkAGFFPP2YqXZXPbMlMBgsxzE8ILs4lMIX/2o0L9UBw9O/Y3o6wFw/i9YLapcUJWwqbi3kdxIPdC62TIA==
    dependencies:
      glob "^7.1.3"
  
  safe-buffer@^5.1.2, safe-buffer@^5.2.1, safe-buffer@~5.2.0:
    version "5.2.1"
    resolved "https://registry.yarnpkg.com/safe-buffer/-/safe-buffer-5.2.1.tgz#1eaf9fa9bdb1fdd4ec75f58f9cdb4e6b7827eec6"
    integrity sha512-rp3So07KcdmmKbGvgaNxQSJr7bGVSVk5S9Eq1F+ppbRo70+YeaDxkw5Dd8NPN+GD6bjnYm2VuPuCXmpuYvmCXQ==
  
  safe-buffer@~5.1.0, safe-buffer@~5.1.1:
    version "5.1.2"
    resolved "https://registry.yarnpkg.com/safe-buffer/-/safe-buffer-5.1.2.tgz#991ec69d296e0313747d59bdfd2b745c35f8828d"
    integrity sha512-Gd2UZBJDkXlY7GbJxfsE8/nvKkUEU1G38c1siN6QP6a9PT9MmHB8GnpscSmMJSoF8LOIrt8ud/wPtojys4G6+g==
  
  sax@>=0.6.0:
    version "1.2.4"
    resolved "https://registry.yarnpkg.com/sax/-/sax-1.2.4.tgz#2816234e2378bddc4e5354fab5caa895df7100d9"
    integrity sha512-NqVDv9TpANUjFm0N8uM5GxL36UgKi9/atZw+x7YFnQ8ckwFGKrl4xX4yWtrey3UJm5nP1kUbnYgLopqWNSRhWw==
  
  seedrandom@2.4.3:
    version "2.4.3"
    resolved "https://registry.yarnpkg.com/seedrandom/-/seedrandom-2.4.3.tgz#2438504dad33917314bff18ac4d794f16d6aaecc"
    integrity sha1-JDhQTa0zkXMUv/GKxNeU8W1qrsw=
  
  semver@^6.0.0:
    version "6.3.0"
    resolved "https://registry.yarnpkg.com/semver/-/semver-6.3.0.tgz#ee0a64c8af5e8ceea67687b133761e1becbd1d3d"
    integrity sha512-b39TBaTSfV6yBrapU89p5fKekE2m/NwnDocOVruQFS1/veMgdzuPcnOM34M6CwxW8jH/lxEa5rBoDeUwu5HHTw==
  
  semver@^7.3.4, semver@^7.3.5:
    version "7.3.5"
    resolved "https://registry.yarnpkg.com/semver/-/semver-7.3.5.tgz#0b621c879348d8998e4b0e4be94b3f12e6018ef7"
    integrity sha512-PoeGJYh8HK4BTO/a9Tf6ZG3veo/A7ZVsYrSA6J8ny9nb3B1VrpkuN+z9OE5wfE5p6H4LchYZsegiQgbJD94ZFQ==
    dependencies:
      lru-cache "^6.0.0"
  
  set-blocking@^2.0.0, set-blocking@~2.0.0:
    version "2.0.0"
    resolved "https://registry.yarnpkg.com/set-blocking/-/set-blocking-2.0.0.tgz#045f9782d011ae9a6803ddd382b24392b3d890f7"
    integrity sha1-BF+XgtARrppoA93TgrJDkrPYkPc=
  
  signal-exit@^3.0.0:
    version "3.0.6"
    resolved "https://registry.yarnpkg.com/signal-exit/-/signal-exit-3.0.6.tgz#24e630c4b0f03fea446a2bd299e62b4a6ca8d0af"
    integrity sha512-sDl4qMFpijcGw22U5w63KmD3cZJfBuFlVNbVMKje2keoKML7X2UzWbc4XrmEbDwg0NXJc3yv4/ox7b+JWb57kQ==
  
  simple-concat@^1.0.0:
    version "1.0.1"
    resolved "https://registry.yarnpkg.com/simple-concat/-/simple-concat-1.0.1.tgz#f46976082ba35c2263f1c8ab5edfe26c41c9552f"
    integrity sha512-cSFtAPtRhljv69IK0hTVZQ+OfE9nePi/rtJmw5UjHeVyVroEqJXP1sFztKUy1qU+xvz3u/sfYJLa947b7nAN2Q==
  
  simple-get@^3.0.3:
    version "3.1.0"
    resolved "https://registry.yarnpkg.com/simple-get/-/simple-get-3.1.0.tgz#b45be062435e50d159540b576202ceec40b9c6b3"
    integrity sha512-bCR6cP+aTdScaQCnQKbPKtJOKDp/hj9EDLJo3Nw4y1QksqaovlW/bnptB6/c1e+qmNIDHRK+oXFDdEqBT8WzUA==
    dependencies:
      decompress-response "^4.2.0"
      once "^1.3.1"
      simple-concat "^1.0.0"
  
  source-map-support@^0.5.21:
    version "0.5.21"
    resolved "https://registry.yarnpkg.com/source-map-support/-/source-map-support-0.5.21.tgz#04fe7c7f9e1ed2d662233c28cb2b35b9f63f6e4f"
    integrity sha512-uBHU3L3czsIyYXKX88fdrGovxdSCoTGDRZ6SYXtSRxLZUzHg5P/66Ht6uoUlHu9EZod+inXhKo3qQgwXUT/y1w==
    dependencies:
      buffer-from "^1.0.0"
      source-map "^0.6.0"
  
  source-map@^0.6.0:
    version "0.6.1"
    resolved "https://registry.yarnpkg.com/source-map/-/source-map-0.6.1.tgz#74722af32e9614e9c287a8d0bbde48b5e2f1a263"
    integrity sha512-UjgapumWlbMhkBgzT7Ykc5YXUT46F0iKu8SGXq0bcwP5dz/h0Plj6enJqjz1Zbq2l5WaqYnrVbwWOWMyF3F47g==
  
  sprintf-js@~1.0.2:
    version "1.0.3"
    resolved "https://registry.yarnpkg.com/sprintf-js/-/sprintf-js-1.0.3.tgz#04e6926f662895354f3dd015203633b857297e2c"
    integrity sha1-BOaSb2YolTVPPdAVIDYzuFcpfiw=
  
  string-width@^1.0.1:
    version "1.0.2"
    resolved "https://registry.yarnpkg.com/string-width/-/string-width-1.0.2.tgz#118bdf5b8cdc51a2a7e70d211e07e2b0b9b107d3"
    integrity sha1-EYvfW4zcUaKn5w0hHgfisLmxB9M=
    dependencies:
      code-point-at "^1.0.0"
      is-fullwidth-code-point "^1.0.0"
      strip-ansi "^3.0.0"
  
  "string-width@^1.0.2 || 2 || 3 || 4", string-width@^4.1.0, string-width@^4.2.0, string-width@^4.2.3:
    version "4.2.3"
    resolved "https://registry.yarnpkg.com/string-width/-/string-width-4.2.3.tgz#269c7117d27b05ad2e536830a8ec895ef9c6d010"
    integrity sha512-wKyQRQpjJ0sIp62ErSZdGsjMJWsap5oRNihHhu6G7JVO/9jIB6UyevL+tXuOqrng8j/cxKTWyWUwvSTriiZz/g==
    dependencies:
      emoji-regex "^8.0.0"
      is-fullwidth-code-point "^3.0.0"
      strip-ansi "^6.0.1"
  
  string_decoder@^1.1.1:
    version "1.3.0"
    resolved "https://registry.yarnpkg.com/string_decoder/-/string_decoder-1.3.0.tgz#42f114594a46cf1a8e30b0a84f56c78c3edac21e"
    integrity sha512-hkRX8U1WjJFd8LsDJ2yQ/wWWxaopEsABU1XfkM8A+j0+85JAGppt16cr1Whg6KIbb4okU6Mql6BOj+uup/wKeA==
    dependencies:
      safe-buffer "~5.2.0"
  
  string_decoder@~1.1.1:
    version "1.1.1"
    resolved "https://registry.yarnpkg.com/string_decoder/-/string_decoder-1.1.1.tgz#9cf1611ba62685d7030ae9e4ba34149c3af03fc8"
    integrity sha512-n/ShnvDi6FHbbVfviro+WojiFzv+s8MPMHBczVePfUpDJLwoLT0ht1l4YwBCbi8pJAveEEdnkHyPyTP/mzRfwg==
    dependencies:
      safe-buffer "~5.1.0"
  
  strip-ansi@^3.0.0, strip-ansi@^3.0.1:
    version "3.0.1"
    resolved "https://registry.yarnpkg.com/strip-ansi/-/strip-ansi-3.0.1.tgz#6a385fb8853d952d5ff05d0e8aaf94278dc63dcf"
    integrity sha1-ajhfuIU9lS1f8F0Oiq+UJ43GPc8=
    dependencies:
      ansi-regex "^2.0.0"
  
  strip-ansi@^6.0.0, strip-ansi@^6.0.1:
    version "6.0.1"
    resolved "https://registry.yarnpkg.com/strip-ansi/-/strip-ansi-6.0.1.tgz#9e26c63d30f53443e9489495b2105d37b67a85d9"
    integrity sha512-Y38VPSHcqkFrCpFnQ9vuSXmquuv5oXOKpGeT6aGrr3o3Gc9AlVa6JBfUSOCnbxGGZF+/0ooI7KrPuUSztUdU5A==
    dependencies:
      ansi-regex "^5.0.1"
  
  supports-color@^7.1.0:
    version "7.2.0"
    resolved "https://registry.yarnpkg.com/supports-color/-/supports-color-7.2.0.tgz#1b7dcdcb32b8138801b3e478ba6a51caa89648da"
    integrity sha512-qpCAvRl9stuOHveKsn7HncJRvv501qIacKzQlO/+Lwxc9+0q2wLyv4Dfvt80/DPn2pqOBsJdDiogXGR9+OvwRw==
    dependencies:
      has-flag "^4.0.0"
  
  tar@^4.4.6:
    version "4.4.19"
    resolved "https://registry.yarnpkg.com/tar/-/tar-4.4.19.tgz#2e4d7263df26f2b914dee10c825ab132123742f3"
    integrity sha512-a20gEsvHnWe0ygBY8JbxoM4w3SJdhc7ZAuxkLqh+nvNQN2IOt0B5lLgM490X5Hl8FF0dl0tOf2ewFYAlIFgzVA==
    dependencies:
      chownr "^1.1.4"
      fs-minipass "^1.2.7"
      minipass "^2.9.0"
      minizlib "^1.3.3"
      mkdirp "^0.5.5"
      safe-buffer "^5.2.1"
      yallist "^3.1.1"
  
  tar@^6.1.0, tar@^6.1.11:
    version "6.1.11"
    resolved "https://registry.yarnpkg.com/tar/-/tar-6.1.11.tgz#6760a38f003afa1b2ffd0ffe9e9abbd0eab3d621"
    integrity sha512-an/KZQzQUkZCkuoAA64hM92X0Urb6VpRhAFllDzz44U2mcD5scmT3zBc4VgVpkugF580+DQn8eAFSyoQt0tznA==
    dependencies:
      chownr "^2.0.0"
      fs-minipass "^2.0.0"
      minipass "^3.0.0"
      minizlib "^2.1.1"
      mkdirp "^1.0.3"
      yallist "^4.0.0"
  
  timm@^1.6.1:
    version "1.7.1"
    resolved "https://registry.yarnpkg.com/timm/-/timm-1.7.1.tgz#96bab60c7d45b5a10a8a4d0f0117c6b7e5aff76f"
    integrity sha512-IjZc9KIotudix8bMaBW6QvMuq64BrJWFs1+4V0lXwWGQZwH+LnX87doAYhem4caOEusRP9/g6jVDQmZ8XOk1nw==
  
  tinycolor2@^1.4.1:
    version "1.4.2"
    resolved "https://registry.yarnpkg.com/tinycolor2/-/tinycolor2-1.4.2.tgz#3f6a4d1071ad07676d7fa472e1fac40a719d8803"
    integrity sha512-vJhccZPs965sV/L2sU4oRQVAos0pQXwsvTLkWYdqJ+a8Q5kPFzJTuOFwy7UniPli44NKQGAglksjvOcpo95aZA==
  
  tr46@~0.0.3:
    version "0.0.3"
    resolved "https://registry.yarnpkg.com/tr46/-/tr46-0.0.3.tgz#8184fd347dac9cdc185992f3a6622e14b9d9ab6a"
    integrity sha1-gYT9NH2snNwYWZLzpmIuFLnZq2o=
  
  typescript@^4.5.2:
    version "4.5.2"
    resolved "https://registry.yarnpkg.com/typescript/-/typescript-4.5.2.tgz#8ac1fba9f52256fdb06fb89e4122fa6a346c2998"
    integrity sha512-5BlMof9H1yGt0P8/WF+wPNw6GfctgGjXp5hkblpyT+8rkASSmkUKMXrxR0Xg8ThVCi/JnHQiKXeBaEwCeQwMFw==
  
  utif@^2.0.1:
    version "2.0.1"
    resolved "https://registry.yarnpkg.com/utif/-/utif-2.0.1.tgz#9e1582d9bbd20011a6588548ed3266298e711759"
    integrity sha512-Z/S1fNKCicQTf375lIP9G8Sa1H/phcysstNrrSdZKj1f9g58J4NMgb5IgiEZN9/nLMPDwF0W7hdOe9Qq2IYoLg==
    dependencies:
      pako "^1.0.5"
  
  util-deprecate@^1.0.1, util-deprecate@~1.0.1:
    version "1.0.2"
    resolved "https://registry.yarnpkg.com/util-deprecate/-/util-deprecate-1.0.2.tgz#450d4dc9fa70de732762fbd2d4a28981419a0ccf"
    integrity sha1-RQ1Nyfpw3nMnYvvS1KKJgUGaDM8=
  
  webidl-conversions@^3.0.0:
    version "3.0.1"
    resolved "https://registry.yarnpkg.com/webidl-conversions/-/webidl-conversions-3.0.1.tgz#24534275e2a7bc6be7bc86611cc16ae0a5654871"
    integrity sha1-JFNCdeKnvGvnvIZhHMFq4KVlSHE=
  
  whatwg-url@^5.0.0:
    version "5.0.0"
    resolved "https://registry.yarnpkg.com/whatwg-url/-/whatwg-url-5.0.0.tgz#966454e8765462e37644d3626f6742ce8b70965d"
    integrity sha1-lmRU6HZUYuN2RNNib2dCzotwll0=
    dependencies:
      tr46 "~0.0.3"
      webidl-conversions "^3.0.0"
  
  wide-align@^1.1.0, wide-align@^1.1.2:
    version "1.1.5"
    resolved "https://registry.yarnpkg.com/wide-align/-/wide-align-1.1.5.tgz#df1d4c206854369ecf3c9a4898f1b23fbd9d15d3"
    integrity sha512-eDMORYaPNZ4sQIuuYPDHdQvf4gyCF9rEEV/yPxGfwPkRodwEgiMUUXTx/dex+Me0wxx53S+NgUHaP7y3MGlDmg==
    dependencies:
      string-width "^1.0.2 || 2 || 3 || 4"
  
  wrap-ansi@^7.0.0:
    version "7.0.0"
    resolved "https://registry.yarnpkg.com/wrap-ansi/-/wrap-ansi-7.0.0.tgz#67e145cff510a6a6984bdf1152911d69d2eb9e43"
    integrity sha512-YVGIj2kamLSTxw6NsZjoBxfSwsn0ycdesmc4p+Q21c5zPuZ1pl+NfxVdxPtdHvmNVOQ6XSYG4AUtyt/Fi7D16Q==
    dependencies:
      ansi-styles "^4.0.0"
      string-width "^4.1.0"
      strip-ansi "^6.0.0"
  
  wrappy@1:
    version "1.0.2"
    resolved "https://registry.yarnpkg.com/wrappy/-/wrappy-1.0.2.tgz#b5243d8f3ec1aa35f1364605bc0d1036e30ab69f"
    integrity sha1-tSQ9jz7BqjXxNkYFvA0QNuMKtp8=
  
  xhr@^2.0.1:
    version "2.6.0"
    resolved "https://registry.yarnpkg.com/xhr/-/xhr-2.6.0.tgz#b69d4395e792b4173d6b7df077f0fc5e4e2b249d"
    integrity sha512-/eCGLb5rxjx5e3mF1A7s+pLlR6CGyqWN91fv1JgER5mVWg1MZmlhBvy9kjcsOdRk8RrIujotWyJamfyrp+WIcA==
    dependencies:
      global "~4.4.0"
      is-function "^1.0.1"
      parse-headers "^2.0.0"
      xtend "^4.0.0"
  
  xml-parse-from-string@^1.0.0:
    version "1.0.1"
    resolved "https://registry.yarnpkg.com/xml-parse-from-string/-/xml-parse-from-string-1.0.1.tgz#a9029e929d3dbcded169f3c6e28238d95a5d5a28"
    integrity sha1-qQKekp09vN7RafPG4oI42VpdWig=
  
  xml2js@^0.4.5:
    version "0.4.23"
    resolved "https://registry.yarnpkg.com/xml2js/-/xml2js-0.4.23.tgz#a0c69516752421eb2ac758ee4d4ccf58843eac66"
    integrity sha512-ySPiMjM0+pLDftHgXY4By0uswI3SPKLDw/i3UXbnO8M/p28zqexCUoPmQFrYD+/1BzhGJSs2i1ERWKJAtiLrug==
    dependencies:
      sax ">=0.6.0"
      xmlbuilder "~11.0.0"
  
  xmlbuilder@~11.0.0:
    version "11.0.1"
    resolved "https://registry.yarnpkg.com/xmlbuilder/-/xmlbuilder-11.0.1.tgz#be9bae1c8a046e76b31127726347d0ad7002beb3"
    integrity sha512-fDlsI/kFEx7gLvbecc0/ohLG50fugQp8ryHzMTuW9vSa1GJ0XYWKnhsUx7oie3G98+r56aTQIUB4kht42R3JvA==
  
  xtend@^4.0.0:
    version "4.0.2"
    resolved "https://registry.yarnpkg.com/xtend/-/xtend-4.0.2.tgz#bb72779f5fa465186b1f438f674fa347fdb5db54"
    integrity sha512-LKYU1iAXJXUgAXn9URjiu+MWhyUXHsvfp7mcuYm9dSUKK0/CjtrUwFAxD82/mCWbtLsGjFIad0wIsod4zrTAEQ==
  
  y18n@^5.0.5:
    version "5.0.8"
    resolved "https://registry.yarnpkg.com/y18n/-/y18n-5.0.8.tgz#7f4934d0f7ca8c56f95314939ddcd2dd91ce1d55"
    integrity sha512-0pfFzegeDWJHJIAmTLRP2DwHjdF5s7jo9tuztdQxAhINCdvS+3nGINqPd00AphqJR/0LhANUS6/+7SCb98YOfA==
  
  yallist@^3.0.0, yallist@^3.1.1:
    version "3.1.1"
    resolved "https://registry.yarnpkg.com/yallist/-/yallist-3.1.1.tgz#dbb7daf9bfd8bac9ab45ebf602b8cbad0d5d08fd"
    integrity sha512-a4UGQaWPH59mOXUYnAG2ewncQS4i4F43Tv3JoAM+s2VDAmS9NsK8GpDMLrCHPksFT7h3K6TOoUNn2pb7RoXx4g==
  
  yallist@^4.0.0:
    version "4.0.0"
    resolved "https://registry.yarnpkg.com/yallist/-/yallist-4.0.0.tgz#9bb92790d9c0effec63be73519e11a35019a3a72"
    integrity sha512-3wdGidZyq5PB084XLES5TpOSRA3wjXAlIWMhum2kRcv/41Sn2emQ0dycQW4uZXLejwKvg6EsvbdlVL+FYEct7A==
  
  yargs-parser@^20.2.2:
    version "20.2.9"
    resolved "https://registry.yarnpkg.com/yargs-parser/-/yargs-parser-20.2.9.tgz#2eb7dc3b0289718fc295f362753845c41a0c94ee"
    integrity sha512-y11nGElTIV+CT3Zv9t7VKl+Q3hTQoT9a1Qzezhhl6Rp21gJ/IVTW7Z3y9EWXhuUBC2Shnf+DX0antecpAwSP8w==
  
  yargs@^16.0.3:
    version "16.2.0"
    resolved "https://registry.yarnpkg.com/yargs/-/yargs-16.2.0.tgz#1c82bf0f6b6a66eafce7ef30e376f49a12477f66"
    integrity sha512-D1mvvtDG0L5ft/jGWkLpG1+m0eQxOfaBvTNELraWj22wSVUMWxZUvYgJYcKh6jGGIkJFhH4IZPQhR4TKpc8mBw==
    dependencies:
      cliui "^7.0.2"
      escalade "^3.1.1"
      get-caller-file "^2.0.5"
      require-directory "^2.1.1"
      string-width "^4.2.0"
      y18n "^5.0.5"
      yargs-parser "^20.2.2"
